\BOOKMARK [0][-]{Doc-Start}{\376\377\000T\000a\000b\000l\000e\000\040\000o\000f\000\040\000C\000o\000n\000t\000e\000n\000t\000s}{}% 1
\BOOKMARK [0][-]{chapter.1}{\376\377\000C\000o\000n\000f\000e\000r\000e\000n\000c\000e\000\040\000I\000n\000f\000o\000r\000m\000a\000t\000i\000o\000n}{}% 2
\BOOKMARK [1][-]{section.1.1}{\376\377\000M\000e\000s\000s\000a\000g\000e\000\040\000f\000r\000o\000m\000\040\000t\000h\000e\000\040\000G\000e\000n\000e\000r\000a\000l\000\040\000C\000h\000a\000i\000r}{chapter.1}% 3
\BOOKMARK [1][-]{section.1.2}{\376\377\000M\000e\000s\000s\000a\000g\000e\000\040\000f\000r\000o\000m\000\040\000t\000h\000e\000\040\000P\000r\000o\000g\000r\000a\000m\000\040\000C\000o\000m\000m\000i\000t\000t\000e\000e\000\040\000C\000o\000-\000C\000h\000a\000i\000r\000s}{chapter.1}% 4
\BOOKMARK [1][-]{section.1.3}{\376\377\000O\000r\000g\000a\000n\000i\000z\000i\000n\000g\000\040\000C\000o\000m\000m\000i\000t\000t\000e\000e}{chapter.1}% 5
\BOOKMARK [1][-]{section.1.4}{\376\377\000P\000r\000o\000g\000r\000a\000m\000\040\000C\000o\000m\000m\000i\000t\000t\000e\000e}{chapter.1}% 6
\BOOKMARK [1][-]{section.1.5}{\376\377\000M\000e\000a\000l\000\040\000I\000n\000f\000o}{chapter.1}% 7
\BOOKMARK [0][-]{chapter.2}{\376\377\000T\000u\000t\000o\000r\000i\000a\000l\000s\000:\000\040\000S\000u\000n\000d\000a\000y\000,\000\040\000M\000a\000y\000\040\0003\0001}{}% 8
\BOOKMARK [1][-]{section.2.1}{\376\377\000T\0001\000:\000\040\000p\000l\000a\000c\000e\000h\000o\000l\000d\000e\000r}{chapter.2}% 9
\BOOKMARK [1][-]{section.2.2}{\376\377\000T\0002\000:\000\040\000p\000l\000a\000c\000e\000h\000o\000l\000d\000e\000r}{chapter.2}% 10
\BOOKMARK [1][-]{section.2.3}{\376\377\000T\0003\000:\000\040}{chapter.2}% 11
\BOOKMARK [1][-]{section.2.4}{\376\377\000T\0004\000:\000\040\000p\000l\000a\000c\000e\000h\000o\000l\000d\000e\000r}{chapter.2}% 12
\BOOKMARK [1][-]{section.2.5}{\376\377\000T\0005\000:\000\040}{chapter.2}% 13
\BOOKMARK [1][-]{section.2.6}{\376\377\000T\0006\000:\000\040\000U\000s\000i\000n\000g\000\040\000F\000r\000a\000m\000e\000N\000e\000t\000\040\000i\000n\000\040\000N\000L\000P}{chapter.2}% 14
\BOOKMARK [1][-]{section.2.7}{\376\377\000W\000e\000l\000c\000o\000m\000e\000\040\000R\000e\000c\000e\000p\000t\000i\000o\000n}{chapter.2}% 15
\BOOKMARK [0][-]{chapter.3}{\376\377\000M\000a\000i\000n\000\040\000C\000o\000n\000f\000e\000r\000e\000n\000c\000e\000:\000\040\000M\000o\000n\000d\000a\000y\000,\000\040\000J\000u\000n\000e\000\040\0001}{}% 16
\BOOKMARK [1][-]{section.3.1}{\376\377\000K\000e\000y\000n\000o\000t\000e\000\040\000A\000d\000d\000r\000e\000s\000s\000:\000\040\000L\000i\000l\000l\000i\000a\000n\000\040\000L\000e\000e}{chapter.3}% 17
\BOOKMARK [1][-]{section.3.2}{\376\377\000S\000e\000s\000s\000i\000o\000n\000\040\0001}{chapter.3}% 18
\BOOKMARK [1][-]{section.3.3}{\376\377\000S\000t\000u\000d\000e\000n\000t\000\040\000L\000u\000n\000c\000h}{chapter.3}% 19
\BOOKMARK [1][-]{section.3.4}{\376\377\000S\000e\000s\000s\000i\000o\000n\000\040\0002}{chapter.3}% 20
\BOOKMARK [1][-]{section.3.5}{\376\377\000S\000e\000s\000s\000i\000o\000n\000\040\0003}{chapter.3}% 21
\BOOKMARK [1][-]{section.3.6}{\376\377\000O\000n\000e\000\040\000M\000i\000n\000u\000t\000e\000\040\000M\000a\000d\000n\000e\000s\000s\000!}{chapter.3}% 22
\BOOKMARK [1][-]{section.3.7}{\376\377\000P\000o\000s\000t\000e\000r\000\040\000s\000e\000s\000s\000i\000o\000n\000\040\0001\000A}{chapter.3}% 23
\BOOKMARK [1][-]{section.3.8}{\376\377\000P\000o\000s\000t\000e\000r\000\040\000s\000e\000s\000s\000i\000o\000n\000\040\0001\000B}{chapter.3}% 24
\BOOKMARK [1][-]{section.3.9}{\376\377\000S\000R\000W\000\040\000P\000o\000s\000t\000e\000r\000\040\000S\000e\000s\000s\000i\000o\000n}{chapter.3}% 25
\BOOKMARK [0][-]{chapter.4}{\376\377\000M\000a\000i\000n\000\040\000C\000o\000n\000f\000e\000r\000e\000n\000c\000e\000:\000\040\000T\000u\000e\000s\000d\000a\000y\000,\000\040\000J\000u\000n\000e\000\040\0002}{}% 26
\BOOKMARK [1][-]{section.4.1}{\376\377\000S\000e\000s\000s\000i\000o\000n\000\040\0004}{chapter.4}% 27
\BOOKMARK [1][-]{section.4.2}{\376\377\000S\000e\000s\000s\000i\000o\