This is pdfTeX, Version 3.141592653-2.6-1.40.22 (TeX Live 2021) (preloaded format=pdflatex 2021.9.30)  8 OCT 2021 18:03
entering extended mode
 restricted \write18 enabled.
 file:line:error style messages enabled.
 %&-line parsing enabled.
**handbook.tex
(./handbook.tex
LaTeX2e <2020-10-01> patch level 4
L3 programming layer <2021-02-18>
(/usr/local/texlive/2021/texmf-dist/tex/latex/base/book.cls
Document Class: book 2020/04/10 v1.4m Standard LaTeX document class
(/usr/local/texlive/2021/texmf-dist/tex/latex/base/bk10.clo
File: bk10.clo 2020/04/10 v1.4m Standard LaTeX file (size option)
)
\c@part=\count179
\c@chapter=\count180
\c@section=\count181
\c@subsection=\count182
\c@subsubsection=\count183
\c@paragraph=\count184
\c@subparagraph=\count185
\c@figure=\count186
\c@table=\count187
\abovecaptionskip=\skip47
\belowcaptionskip=\skip48
\bibindent=\dimen138
)
(/usr/local/texlive/2021/texmf-dist/tex/latex/base/fontenc.sty
Package: fontenc 2020/08/10 v2.0s Standard LaTeX package
)
(/usr/local/texlive/2021/texmf-dist/tex/latex/base/inputenc.sty
Package: inputenc 2020/08/01 v1.3d Input encoding file
\inpenc@prehook=\toks15
\inpenc@posthook=\toks16
)
(/usr/local/texlive/2021/texmf-dist/tex/latex/tools/xspace.sty
Package: xspace 2014/10/28 v1.13 Space after command names (DPC,MH)
)
(/usr/local/texlive/2021/texmf-dist/tex/latex/combelow/combelow.sty
Package: combelow 2010/05/02 v0.99f comma below command
)
(/usr/local/texlive/2021/texmf-dist/tex/latex/newunicodechar/newunicodechar.sty
Package: newunicodechar 2018/04/08 v1.2 Defining Unicode characters
)

Package newunicodechar Warning: Redefining Unicode character on input line 9.


Package newunicodechar Warning: Redefining Unicode character on input line 10.

(/usr/local/texlive/2021/texmf-dist/tex/latex/pdfpages/pdfpages.sty
Package: pdfpages 2021/03/06 v0.5t Insert pages of external PDF documents (AM)

(/usr/local/texlive/2021/texmf-dist/tex/latex/base/ifthen.sty
Package: ifthen 2014/09/29 v1.1c Standard LaTeX ifthen package (DPC)
)
(/usr/local/texlive/2021/texmf-dist/tex/latex/tools/calc.sty
Package: calc 2017/05/25 v4.3 Infix arithmetic (KKT,FJ)
\calc@Acount=\count188
\calc@Bcount=\count189
\calc@Adimen=\dimen139
\calc@Bdimen=\dimen140
\calc@Askip=\skip49
\calc@Bskip=\skip50
LaTeX Info: Redefining \setlength on input line 80.
LaTeX Info: Redefining \addtolength on input line 81.
\calc@Ccount=\count190
\calc@Cskip=\skip51
)
(/usr/local/texlive/2021/texmf-dist/tex/latex/eso-pic/eso-pic.sty
Package: eso-pic 2020/10/14 v3.0a eso-pic (RN)
\ESO@tempdima=\dimen141
\ESO@tempdimb=\dimen142

(/usr/local/texlive/2021/texmf-dist/tex/latex/graphics/keyval.sty
Package: keyval 2014/10/28 v1.15 key=value parser (DPC)
\KV@toks@=\toks17
)
(/usr/local/texlive/2021/texmf-dist/tex/latex/xcolor/xcolor.sty
Package: xcolor 2016/05/11 v2.12 LaTeX color extensions (UK)

(/usr/local/texlive/2021/texmf-dist/tex/latex/graphics-cfg/color.cfg
File: color.cfg 2016/01/02 v1.6 sample color configuration
)
Package xcolor Info: Driver file: pdftex.def on input line 225.

(/usr/local/texlive/2021/texmf-dist/tex/latex/graphics-def/pdftex.def
File: pdftex.def 2020/10/05 v1.2a Graphics/color driver for pdftex
)
Package xcolor Info: Model `cmy' substituted by `cmy0' on input line 1348.
Package xcolor Info: Model `hsb' substituted by `rgb' on input line 1352.
Package xcolor Info: Model `RGB' extended on input line 1364.
Package xcolor Info: Model `HTML' substituted by `rgb' on input line 1366.
Package xcolor Info: Model `Hsb' substituted by `hsb' on input line 1367.
Package xcolor Info: Model `tHsb' substituted by `hsb' on input line 1368.
Package xcolor Info: Model `HSB' substituted by `hsb' on input line 1369.
Package xcolor Info: Model `Gray' substituted by `gray' on input line 1370.
Package xcolor Info: Model `wave' substituted by `hsb' on input line 1371.
))
(/usr/local/texlive/2021/texmf-dist/tex/latex/graphics/graphicx.sty
Package: graphicx 2020/09/09 v1.2b Enhanced LaTeX Graphics (DPC,SPQR)

(/usr/local/texlive/2021/texmf-dist/tex/latex/graphics/graphics.sty
Package: graphics 2020/08/30 v1.4c Standard LaTeX Graphics (DPC,SPQR)

(/usr/local/texlive/2021/texmf-dist/tex/latex/graphics/trig.sty
Package: trig 2016/01/03 v1.10 sin cos tan (DPC)
)
(/usr/local/texlive/2021/texmf-dist/tex/latex/graphics-cfg/graphics.cfg
File: graphics.cfg 2016/06/04 v1.11 sample graphics configuration
)
Package graphics Info: Driver file: pdftex.def on input line 105.
)
\Gin@req@height=\dimen143
\Gin@req@width=\dimen144
)
\AM@pagewidth=\dimen145
\AM@pageheight=\dimen146
\AM@fboxrule=\dimen147

(/usr/local/texlive/2021/texmf-dist/tex/latex/pdfpages/pppdftex.def
File: pppdftex.def 2021/03/06 v0.5t Pdfpages driver for pdfTeX (AM)
)
\pdfpages@includegraphics@status=\count191
\AM@pagebox=\box47
\AM@global@opts=\toks18
\AM@pagecnt=\count192
\AM@toc@title=\toks19
\c@AM@survey=\count193
\AM@templatesizebox=\box48
)
(/usr/local/texlive/2021/texmf-dist/tex/latex/geometry/geometry.sty
Package: geometry 2020/01/02 v5.9 Page Geometry

(/usr/local/texlive/2021/texmf-dist/tex/generic/iftex/ifvtex.sty
Package: ifvtex 2019/10/25 v1.7 ifvtex legacy package. Use iftex instead.

(/usr/local/texlive/2021/texmf-dist/tex/generic/iftex/iftex.sty
Package: iftex 2020/03/06 v1.0d TeX engine tests
))
\Gm@cnth=\count194
\Gm@cntv=\count195
\c@Gm@tempcnt=\count196
\Gm@bindingoffset=\dimen148
\Gm@wd@mp=\dimen149
\Gm@odd@mp=\dimen150
\Gm@even@mp=\dimen151
\Gm@layoutwidth=\dimen152
\Gm@layoutheight=\dimen153
\Gm@layouthoffset=\dimen154
\Gm@layoutvoffset=\dimen155
\Gm@dimlist=\toks20
)
(./content/special/preamble.tex
(/usr/local/texlive/2021/texmf-dist/tex/latex/base/fontenc.sty
Package: fontenc 2020/08/10 v2.0s Standard LaTeX package
)
(/usr/local/texlive/2021/texmf-dist/tex/latex/hyperref/hyperref.sty
Package: hyperref 2021-02-27 v7.00k Hypertext links for LaTeX

(/usr/local/texlive/2021/texmf-dist/tex/generic/ltxcmds/ltxcmds.sty
Package: ltxcmds 2020-05-10 v1.25 LaTeX kernel commands for general use (HO)
)
(/usr/local/texlive/2021/texmf-dist/tex/generic/pdftexcmds/pdftexcmds.sty
Package: pdftexcmds 2020-06-27 v0.33 Utility functions of pdfTeX for LuaTeX (HO
)

(/usr/local/texlive/2021/texmf-dist/tex/generic/infwarerr/infwarerr.sty
Package: infwarerr 2019/12/03 v1.5 Providing info/warning/error messages (HO)
)
Package pdftexcmds Info: \pdf@primitive is available.
Package pdftexcmds Info: \pdf@ifprimitive is available.
Package pdftexcmds Info: \pdfdraftmode found.
)
(/usr/local/texlive/2021/texmf-dist/tex/generic/kvsetkeys/kvsetkeys.sty
Package: kvsetkeys 2019/12/15 v1.18 Key value parser (HO)
)
(/usr/local/texlive/2021/texmf-dist/tex/generic/kvdefinekeys/kvdefinekeys.sty
Package: kvdefinekeys 2019-12-19 v1.6 Define keys (HO)
)
(/usr/local/texlive/2021/texmf-dist/tex/generic/pdfescape/pdfescape.sty
Package: pdfescape 2019/12/09 v1.15 Implements pdfTeX's escape features (HO)
)
(/usr/local/texlive/2021/texmf-dist/tex/latex/hycolor/hycolor.sty
Package: hycolor 2020-01-27 v1.10 Color options for hyperref/bookmark (HO)
)
(/usr/local/texlive/2021/texmf-dist/tex/latex/letltxmacro/letltxmacro.sty
Package: letltxmacro 2019/12/03 v1.6 Let assignment for LaTeX macros (HO)
)
(/usr/local/texlive/2021/texmf-dist/tex/latex/auxhook/auxhook.sty
Package: auxhook 2019-12-17 v1.6 Hooks for auxiliary files (HO)
)
(/usr/local/texlive/2021/texmf-dist/tex/latex/kvoptions/kvoptions.sty
Package: kvoptions 2020-10-07 v3.14 Key value format for package options (HO)
)
\@linkdim=\dimen156
\Hy@linkcounter=\count197
\Hy@pagecounter=\count198

(/usr/local/texlive/2021/texmf-dist/tex/latex/hyperref/pd1enc.def
File: pd1enc.def 2021-02-27 v7.00k Hyperref: PDFDocEncoding definition (HO)
Now handling font encoding PD1 ...
... no UTF-8 mapping file for font encoding PD1
)
(/usr/local/texlive/2021/texmf-dist/tex/latex/hyperref/hyperref-langpatches.def
File: hyperref-langpatches.def 2021-02-27 v7.00k Hyperref: patches for babel la
nguages
) (/usr/local/texlive/2021/texmf-dist/tex/generic/intcalc/intcalc.sty
Package: intcalc 2019/12/15 v1.3 Expandable calculations with integers (HO)
)
(/usr/local/texlive/2021/texmf-dist/tex/generic/etexcmds/etexcmds.sty
Package: etexcmds 2019/12/15 v1.7 Avoid name clashes with e-TeX commands (HO)
)
\Hy@SavedSpaceFactor=\count199

(/usr/local/texlive/2021/texmf-dist/tex/latex/hyperref/puenc.def
File: puenc.def 2021-02-27 v7.00k Hyperref: PDF Unicode definition (HO)
Now handling font encoding PU ...
... no UTF-8 mapping file for font encoding PU
)
Package hyperref Info: Hyper figures OFF on input line 4192.
Package hyperref Info: Link nesting OFF on input line 4197.
Package hyperref Info: Hyper index ON on input line 4200.
Package hyperref Info: Plain pages OFF on input line 4207.
Package hyperref Info: Backreferencing OFF on input line 4212.
Package hyperref Info: Implicit mode ON; LaTeX internals redefined.
Package hyperref Info: Bookmarks ON on input line 4445.
\c@Hy@tempcnt=\count266

(/usr/local/texlive/2021/texmf-dist/tex/latex/url/url.sty
\Urlmuskip=\muskip16
Package: url 2013/09/16  ver 3.4  Verb mode for urls, etc.
)
LaTeX Info: Redefining \url on input line 4804.
\XeTeXLinkMargin=\dimen157

(/usr/local/texlive/2021/texmf-dist/tex/generic/bitset/bitset.sty
Package: bitset 2019/12/09 v1.3 Handle bit-vector datatype (HO)

(/usr/local/texlive/2021/texmf-dist/tex/generic/bigintcalc/bigintcalc.sty
Package: bigintcalc 2019/12/15 v1.5 Expandable calculations on big integers (HO
)
))
\Fld@menulength=\count267
\Field@Width=\dimen158
\Fld@charsize=\dimen159
Package hyperref Info: Hyper figures OFF on input line 6075.
Package hyperref Info: Link nesting OFF on input line 6080.
Package hyperref Info: Hyper index ON on input line 6083.
Package hyperref Info: backreferencing OFF on input line 6090.
Package hyperref Info: Link coloring OFF on input line 6095.
Package hyperref Info: Link coloring with OCG OFF on input line 6100.
Package hyperref Info: PDF/A mode OFF on input line 6105.
LaTeX Info: Redefining \ref on input line 6145.
LaTeX Info: Redefining \pageref on input line 6149.

(/usr/local/texlive/2021/texmf-dist/tex/latex/base/atbegshi-ltx.sty
Package: atbegshi-ltx 2020/08/17 v1.0a Emulation of the original atbegshi packa
ge
with kernel methods
)
\Hy@abspage=\count268
\c@Item=\count269
\c@Hfootnote=\count270
)
Package hyperref Info: Driver (autodetected): hpdftex.

(/usr/local/texlive/2021/texmf-dist/tex/latex/hyperref/hpdftex.def
File: hpdftex.def 2021-02-27 v7.00k Hyperref driver for pdfTeX

(/usr/local/texlive/2021/texmf-dist/tex/latex/base/atveryend-ltx.sty
Package: atveryend-ltx 2020/08/19 v1.0a Emulation of the original atvery packag
e
with kernel methods
)
\Fld@listcount=\count271
\c@bookmark@seq@number=\count272

(/usr/local/texlive/2021/texmf-dist/tex/latex/rerunfilecheck/rerunfilecheck.sty
Package: rerunfilecheck 2019/12/05 v1.9 Rerun checks for auxiliary files (HO)

(/usr/local/texlive/2021/texmf-dist/tex/generic/uniquecounter/uniquecounter.sty
Package: uniquecounter 2019/12/15 v1.4 Provide unlimited unique counter (HO)
)
Package uniquecounter Info: New unique counter `rerunfilecheck' on input line 2
86.
)
\Hy@SectionHShift=\skip52
) (/usr/local/texlive/2021/texmf-dist/tex/latex/base/textcomp.sty
Package: textcomp 2020/02/02 v2.0n Standard LaTeX package
)
(/usr/local/texlive/2021/texmf-dist/tex/latex/colortbl/colortbl.sty
Package: colortbl 2020/01/04 v1.0e Color table columns (DPC)

(/usr/local/texlive/2021/texmf-dist/tex/latex/tools/array.sty
Package: array 2020/10/01 v2.5c Tabular extension package (FMi)
\col@sep=\dimen160
\ar@mcellbox=\box49
\extrarowheight=\dimen161
\NC@list=\toks21
\extratabsurround=\skip53
\backup@length=\skip54
\ar@cellbox=\box50
)
\everycr=\toks22
\minrowclearance=\skip55
)
(/usr/local/texlive/2021/texmf-dist/tex/latex/fancyhdr/fancyhdr.sty
Package: fancyhdr 2021/01/28 v4.0.1 Extensive control of page headers and foote
rs
\f@nch@headwidth=\skip56
\f@nch@O@elh=\skip57
\f@nch@O@erh=\skip58
\f@nch@O@olh=\skip59
\f@nch@O@orh=\skip60
\f@nch@O@elf=\skip61
\f@nch@O@erf=\skip62
\f@nch@O@olf=\skip63
\f@nch@O@orf=\skip64
)
(/usr/local/texlive/2021/texmf-dist/tex/latex/fncychap/fncychap.sty
Package: fncychap 2007/07/30 v1.34 LaTeX package (Revised chapters)
\RW=\skip65
\mylen=\skip66
\myhi=\skip67
\px=\skip68
\py=\skip69
\pyy=\skip70
\pxx=\skip71
)
(/usr/local/texlive/2021/texmf-dist/tex/latex/tools/longtable.sty
Package: longtable 2020/01/07 v4.13 Multi-page Table package (DPC)
\LTleft=\skip72
\LTright=\skip73
\LTpre=\skip74
\LTpost=\skip75
\LTchunksize=\count273
\LTcapwidth=\dimen162
\LT@head=\box51
\LT@firsthead=\box52
\LT@foot=\box53
\LT@lastfoot=\box54
\LT@cols=\count274
\LT@rows=\count275
\c@LT@tables=\count276
\c@LT@chunks=\count277
\LT@p@ftn=\toks23
)
(/usr/local/texlive/2021/texmf-dist/tex/latex/tools/tabularx.sty
Package: tabularx 2020/01/15 v2.11c `tabularx' package (DPC)
\TX@col@width=\dimen163
\TX@old@table=\dimen164
\TX@old@col=\dimen165
\TX@target=\dimen166
\TX@delta=\dimen167
\TX@cols=\count278
\TX@ftn=\toks24
)
(/usr/local/texlive/2021/texmf-dist/tex/latex/graphics/lscape.sty
Package: lscape 2020/05/28 v3.02 Landscape Pages (DPC)
)
(/usr/local/texlive/2021/texmf-dist/tex/latex/csquotes/csquotes.sty
Package: csquotes 2021-02-22 v5.2l context-sensitive quotations (JAW)

(/usr/local/texlive/2021/texmf-dist/tex/latex/etoolbox/etoolbox.sty
Package: etoolbox 2020/10/05 v2.5k e-TeX tools for LaTeX (JAW)
\etb@tempcnta=\count279
)
\csq@reset=\count280
\csq@gtype=\count281
\csq@glevel=\count282
\csq@qlevel=\count283
\csq@maxlvl=\count284
\csq@tshold=\count285
\csq@ltx@everypar=\toks25

(/usr/local/texlive/2021/texmf-dist/tex/latex/csquotes/csquotes.def
File: csquotes.def 2021-02-22 v5.2l csquotes generic definitions (JAW)
)
Package csquotes Info: Trying to load configuration file 'csquotes.cfg'...
Package csquotes Info: ... configuration file loaded successfully.

(/usr/local/texlive/2021/texmf-dist/tex/latex/csquotes/csquotes.cfg
File: csquotes.cfg 
))
(/usr/local/texlive/2021/texmf-dist/tex/generic/babel/babel.sty
Package: babel 2021/03/24 3.56 The Babel package

(/usr/local/texlive/2021/texmf-dist/tex/generic/babel/babel.def
File: babel.def 2021/03/24 3.56 Babel common definitions
\babel@savecnt=\count286
\U@D=\dimen168
\l@babelnohyphens=\language87

(/usr/local/texlive/2021/texmf-dist/tex/generic/babel/txtbabel.def)
\bbl@readstream=\read2
)
\bbl@dirlevel=\count287

(/usr/local/texlive/2021/texmf-dist/tex/generic/babel-english/american.ldf
Language: american 2017/06/06 v3.3r English support from the babel system

(/usr/local/texlive/2021/texmf-dist/tex/generic/babel-english/english.ldf
Language: english 2017/06/06 v3.3r English support from the babel system
Package babel Info: \l@canadian = using hyphenrules for english
(babel)             (\language0) on input line 102.
Package babel Info: \l@australian = using hyphenrules for ukenglish
(babel)             (\language21) on input line 105.
Package babel Info: \l@newzealand = using hyphenrules for ukenglish
(babel)             (\language21) on input line 108.
)))
(/usr/local/texlive/2021/texmf-dist/tex/latex/tools/multicol.sty
Package: multicol 2019/12/09 v1.8y multicolumn formatting (FMi)
\c@tracingmulticols=\count288
\mult@box=\box55
\multicol@leftmargin=\dimen169
\c@unbalance=\count289
\c@collectmore=\count290
\doublecol@number=\count291
\multicoltolerance=\count292
\multicolpretolerance=\count293
\full@width=\dimen170
\page@free=\dimen171
\premulticols=\dimen172
\postmulticols=\dimen173
\multicolsep=\skip76
\multicolbaselineskip=\skip77
\partial@page=\box56
\last@line=\box57
\maxbalancingoverflow=\dimen174
\mult@rightbox=\box58
\mult@grightbox=\box59
\mult@gfirstbox=\box60
\mult@firstbox=\box61
\@tempa=\box62
\@tempa=\box63
\@tempa=\box64
\@tempa=\box65
\@tempa=\box66
\@tempa=\box67
\@tempa=\box68
\@tempa=\box69
\@tempa=\box70
\@tempa=\box71
\@tempa=\box72
\@tempa=\box73
\@tempa=\box74
\@tempa=\box75
\@tempa=\box76
\@tempa=\box77
\@tempa=\box78
\@tempa=\box79
\@tempa=\box80
\@tempa=\box81
\@tempa=\box82
\@tempa=\box83
\@tempa=\box84
\@tempa=\box85
\@tempa=\box86
\@tempa=\box87
\@tempa=\box88
\@tempa=\box89
\@tempa=\box90
\@tempa=\box91
\@tempa=\box92
\@tempa=\box93
\@tempa=\box94
\@tempa=\box95
\@tempa=\box96
\@tempa=\box97
\@tempa=\box98
\c@minrows=\count294
\c@columnbadness=\count295
\c@finalcolumnbadness=\count296
\last@try=\dimen175
\multicolovershoot=\dimen176
\multicolundershoot=\dimen177
\mult@nat@firstbox=\box99
\colbreak@box=\box100
\mc@col@check@num=\count297
)
(/usr/local/texlive/2021/texmf-dist/tex/latex/multirow/multirow.sty
Package: multirow 2021/03/15 v2.8 Span multiple rows of a table
\multirow@colwidth=\skip78
\multirow@cntb=\count298
\multirow@dima=\skip79
\bigstrutjot=\dimen178
)
(/usr/local/texlive/2021/texmf-dist/tex/latex/psnfss/times.sty
Package: times 2020/03/25 PSNFSS-v9.3 (SPQR) 
)
(/usr/local/texlive/2021/texmf-dist/tex/latex/psnfss/helvet.sty
Package: helvet 2020/03/25 PSNFSS-v9.3 (WaS) 
)
(/usr/local/texlive/2021/texmf-dist/tex/latex/biblatex/biblatex.sty
Package: biblatex 2020/12/31 v3.16 programmable bibliographies (PK/MW)

(/usr/local/texlive/2021/texmf-dist/tex/latex/logreq/logreq.sty
Package: logreq 2010/08/04 v1.0 xml request logger
\lrq@indent=\count299

(/usr/local/texlive/2021/texmf-dist/tex/latex/logreq/logreq.def
File: logreq.def 2010/08/04 v1.0 logreq spec v1.0
))
\c@tabx@nest=\count300
\c@listtotal=\count301
\c@listcount=\count302
\c@liststart=\count303
\c@liststop=\count304
\c@citecount=\count305
\c@citetotal=\count306
\c@multicitecount=\count307
\c@multicitetotal=\count308
\c@instcount=\count309
\c@maxnames=\count310
\c@minnames=\count311
\c@maxitems=\count312
\c@minitems=\count313
\c@citecounter=\count314
\c@maxcitecounter=\count315
\c@savedcitecounter=\count316
\c@uniquelist=\count317
\c@uniquename=\count318
\c@refsection=\count319
\c@refsegment=\count320
\c@maxextratitle=\count321
\c@maxextratitleyear=\count322
\c@maxextraname=\count323
\c@maxextradate=\count324
\c@maxextraalpha=\count325
\c@abbrvpenalty=\count326
\c@highnamepenalty=\count327
\c@lownamepenalty=\count328
\c@maxparens=\count329
\c@parenlevel=\count330
\blx@tempcnta=\count331
\blx@tempcntb=\count332
\blx@tempcntc=\count333
\blx@maxsection=\count334
\blx@maxsegment@0=\count335
\blx@notetype=\count336
\blx@parenlevel@text=\count337
\blx@parenlevel@foot=\count338
\blx@sectionciteorder@0=\count339
\blx@entrysetcounter=\count340
\blx@biblioinstance=\count341
\labelnumberwidth=\skip80
\labelalphawidth=\skip81
\biblabelsep=\skip82
\bibitemsep=\skip83
\bibnamesep=\skip84
\bibinitsep=\skip85
\bibparsep=\skip86
\bibhang=\skip87
\blx@bcfin=\read3
\blx@bcfout=\write3
\blx@langwohyphens=\language88
\c@mincomprange=\count342
\c@maxcomprange=\count343
\c@mincompwidth=\count344
Package biblatex Info: Trying to load biblatex default data model...
Package biblatex Info: ... file 'blx-dm.def' found.

(/usr/local/texlive/2021/texmf-dist/tex/latex/biblatex/blx-dm.def
File: blx-dm.def 2020/12/31 v3.16 biblatex localization (PK/MW)
)
Package biblatex Info: Trying to load biblatex custom data model...
Package biblatex Info: ... file 'biblatex-dm.cfg' not found.
\c@afterword=\count345
\c@savedafterword=\count346
\c@annotator=\count347
\c@savedannotator=\count348
\c@author=\count349
\c@savedauthor=\count350
\c@bookauthor=\count351
\c@savedbookauthor=\count352
\c@commentator=\count353
\c@savedcommentator=\count354
\c@editor=\count355
\c@savededitor=\count356
\c@editora=\count357
\c@savededitora=\count358
\c@editorb=\count359
\c@savededitorb=\count360
\c@editorc=\count361
\c@savededitorc=\count362
\c@foreword=\count363
\c@savedforeword=\count364
\c@holder=\count365
\c@savedholder=\count366
\c@introduction=\count367
\c@savedintroduction=\count368
\c@namea=\count369
\c@savednamea=\count370
\c@nameb=\count371
\c@savednameb=\count372
\c@namec=\count373
\c@savednamec=\count374
\c@translator=\count375
\c@savedtranslator=\count376
\c@shortauthor=\count377
\c@savedshortauthor=\count378
\c@shorteditor=\count379
\c@savedshorteditor=\count380
\c@labelname=\count381
\c@savedlabelname=\count382
\c@institution=\count383
\c@savedinstitution=\count384
\c@lista=\count385
\c@savedlista=\count386
\c@listb=\count387
\c@savedlistb=\count388
\c@listc=\count389
\c@savedlistc=\count390
\c@listd=\count391
\c@savedlistd=\count392
\c@liste=\count393
\c@savedliste=\count394
\c@listf=\count395
\c@savedlistf=\count396
\c@location=\count397
\c@savedlocation=\count398
\c@organization=\count399
\c@savedorganization=\count400
\c@origlocation=\count401
\c@savedoriglocation=\count402
\c@origpublisher=\count403
\c@savedorigpublisher=\count404
\c@publisher=\count405
\c@savedpublisher=\count406
\c@language=\count407
\c@savedlanguage=\count408
\c@origlanguage=\count409
\c@savedoriglanguage=\count410
\c@pageref=\count411
\c@savedpageref=\count412
\shorthandwidth=\skip88
\shortjournalwidth=\skip89
\shortserieswidth=\skip90
\shorttitlewidth=\skip91
\shortauthorwidth=\skip92
\shorteditorwidth=\skip93
\locallabelnumberwidth=\skip94
\locallabelalphawidth=\skip95
\localshorthandwidth=\skip96
\localshortjournalwidth=\skip97
\localshortserieswidth=\skip98
\localshorttitlewidth=\skip99
\localshortauthorwidth=\skip100
\localshorteditorwidth=\skip101
Package biblatex Info: Trying to load compatibility code...
Package biblatex Info: ... file 'blx-compat.def' found.

(/usr/local/texlive/2021/texmf-dist/tex/latex/biblatex/blx-compat.def
File: blx-compat.def 2020/12/31 v3.16 biblatex compatibility (PK/MW)
)
Package biblatex Info: Trying to load generic definitions...
Package biblatex Info: ... file 'biblatex.def' found.

(/usr/local/texlive/2021/texmf-dist/tex/latex/biblatex/biblatex.def
File: biblatex.def 2020/12/31 v3.16 biblatex compatibility (PK/MW)
\c@textcitecount=\count413
\c@textcitetotal=\count414
\c@textcitemaxnames=\count415
\c@biburlbigbreakpenalty=\count416
\c@biburlbreakpenalty=\count417
\c@biburlnumpenalty=\count418
\c@biburlucpenalty=\count419
\c@biburllcpenalty=\count420
\biburlbigskip=\muskip17
\biburlnumskip=\muskip18
\biburlucskip=\muskip19
\biburllcskip=\muskip20
\c@smartand=\count421
)
Package biblatex Info: Trying to load bibliography style 'numeric'...
Package biblatex Info: ... file 'numeric.bbx' found.

(/usr/local/texlive/2021/texmf-dist/tex/latex/biblatex/bbx/numeric.bbx
File: numeric.bbx 2020/12/31 v3.16 biblatex bibliography style (PK/MW)
Package biblatex Info: Trying to load bibliography style 'standard'...
Package biblatex Info: ... file 'standard.bbx' found.

(/usr/local/texlive/2021/texmf-dist/tex/latex/biblatex/bbx/standard.bbx
File: standard.bbx 2020/12/31 v3.16 biblatex bibliography style (PK/MW)
\c@bbx:relatedcount=\count422
\c@bbx:relatedtotal=\count423
))
Package biblatex Info: Trying to load citation style 'numeric'...
Package biblatex Info: ... file 'numeric.cbx' found.

(/usr/local/texlive/2021/texmf-dist/tex/latex/biblatex/cbx/numeric.cbx
File: numeric.cbx 2020/12/31 v3.16 biblatex citation style (PK/MW)
Package biblatex Info: Redefining '\cite'.
Package biblatex Info: Redefining '\parencite'.
Package biblatex Info: Redefining '\footcite'.
Package biblatex Info: Redefining '\footcitetext'.
Package biblatex Info: Redefining '\smartcite'.
Package biblatex Info: Redefining '\supercite'.
Package biblatex Info: Redefining '\textcite'.
Package biblatex Info: Redefining '\textcites'.
Package biblatex Info: Redefining '\cites'.
Package biblatex Info: Redefining '\parencites'.
Package biblatex Info: Redefining '\smartcites'.
)
Package biblatex Info: Trying to load configuration file...
Package biblatex Info: ... file 'biblatex.cfg' found.

(/usr/local/texlive/2021/texmf-dist/tex/latex/biblatex/biblatex.cfg
File: biblatex.cfg 
)

Package biblatex Warning: 'babel' option is deprecated.
(biblatex)                Please use 'autolang' instead.

) (/usr/local/texlive/2021/texmf-dist/tex/latex/natbib/bibentry.sty
Package: bibentry 2007/10/30 1.5 (PWD)
)
(/usr/local/texlive/2021/texmf-dist/tex/latex/setspace/setspace.sty
Package: setspace 2011/12/19 v6.7a set line spacing
)
(/usr/local/texlive/2021/texmf-dist/tex/latex/pstricks/pstricks.sty
Package: pstricks 2020/06/11 v0.70 LaTeX wrapper for `PSTricks' (RN,HV)

(/usr/local/texlive/2021/texmf-dist/tex/generic/xkeyval/pst-xkey.tex
File: pst-xkey.tex 2005/11/25 v1.6 PSTricks specialization of xkeyval (HA)

(/usr/local/texlive/2021/texmf-dist/tex/latex/xkeyval/xkeyval.sty
Package: xkeyval 2020/11/20 v2.8 package option processing (HA)

(/usr/local/texlive/2021/texmf-dist/tex/generic/xkeyval/xkeyval.tex
(/usr/local/texlive/2021/texmf-dist/tex/generic/xkeyval/xkvutils.tex
\XKV@toks=\toks26
\XKV@tempa@toks=\toks27
)
\XKV@depth=\count424
File: xkeyval.tex 2014/12/03 v2.7a key=value parser (HA)
)))
(/usr/local/texlive/2021/texmf-dist/tex/generic/pstricks/pstricks.tex
(/usr/local/texlive/2021/texmf-dist/tex/generic/pstricks/pst-fp.tex
`pst-fp' v0.05, 2010/01/17 (hv)
\pstFP@xs=\count425
\pstFP@xia=\count426
\pstFP@xib=\count427
\pstFP@xfa=\count428
\pstFP@xfb=\count429
\pstFP@rega=\count430
\pstFP@regb=\count431
\pstFP@regs=\count432
\pstFP@times=\count433
)
(/usr/local/texlive/2021/texmf-dist/tex/generic/pgf/utilities/pgfutil-common.te
x
\pgfutil@everybye=\toks28
\pgfutil@tempdima=\dimen179
\pgfutil@tempdimb=\dimen180

(/usr/local/texlive/2021/texmf-dist/tex/generic/pgf/utilities/pgfutil-common-li
sts.tex))
(/usr/local/texlive/2021/texmf-dist/tex/generic/pgf/utilities/pgfkeys.code.tex
\pgfkeys@pathtoks=\toks29
\pgfkeys@temptoks=\toks30

(/usr/local/texlive/2021/texmf-dist/tex/generic/pgf/utilities/pgfkeysfiltered.c
ode.tex
\pgfkeys@tmptoks=\toks31
))
(/usr/local/texlive/2021/texmf-dist/tex/generic/pgf/utilities/pgffor.code.tex
Loading pgffor.code.tex
(/usr/local/texlive/2021/texmf-dist/tex/generic/pgf/math/pgfmath.code.tex
(/usr/local/texlive/2021/texmf-dist/tex/generic/pgf/math/pgfmathcalc.code.tex
(/usr/local/texlive/2021/texmf-dist/tex/generic/pgf/math/pgfmathutil.code.tex
\pgf@x=\dimen181
\pgf@xa=\dimen182
\pgf@xb=\dimen183
\pgf@xc=\dimen184
\pgf@y=\dimen185
\pgf@ya=\dimen186
\pgf@yb=\dimen187
\pgf@yc=\dimen188
\c@pgf@counta=\count434
\c@pgf@countb=\count435
\c@pgf@countc=\count436
\c@pgf@countd=\count437
\pgfutil@tempcnta=\count438
\pgfutil@tempcntb=\count439
)
(/usr/local/texlive/2021/texmf-dist/tex/generic/pgf/math/pgfmathparser.code.tex
\pgfmath@dimen=\dimen189
\pgfmath@count=\count440
\pgfmath@box=\box101
\pgfmath@toks=\toks32
\pgfmath@stack@operand=\toks33
\pgfmath@stack@operation=\toks34
)
(/usr/local/texlive/2021/texmf-dist/tex/generic/pgf/math/pgfmathfunctions.code.
tex
(/usr/local/texlive/2021/texmf-dist/tex/generic/pgf/math/pgfmathfunctions.basic
.code.tex)
(/usr/local/texlive/2021/texmf-dist/tex/generic/pgf/math/pgfmathfunctions.trigo
nometric.code.tex)
(/usr/local/texlive/2021/texmf-dist/tex/generic/pgf/math/pgfmathfunctions.rando
m.code.tex)
(/usr/local/texlive/2021/texmf-dist/tex/generic/pgf/math/pgfmathfunctions.compa
rison.code.tex)
(/usr/local/texlive/2021/texmf-dist/tex/generic/pgf/math/pgfmathfunctions.base.
code.tex)
(/usr/local/texlive/2021/texmf-dist/tex/generic/pgf/math/pgfmathfunctions.round
.code.tex)
(/usr/local/texlive/2021/texmf-dist/tex/generic/pgf/math/pgfmathfunctions.misc.
code.tex)
(/usr/local/texlive/2021/texmf-dist/tex/generic/pgf/math/pgfmathfunctions.integ
erarithmetics.code.tex)))
(/usr/local/texlive/2021/texmf-dist/tex/generic/pgf/math/pgfmathfloat.code.tex
\c@pgfmathroundto@lastzeros=\count441
))
\pgffor@iter=\dimen190
\pgffor@skip=\dimen191
\pgffor@stack=\toks35
\pgffor@toks=\toks36
)
\psLoopIndex=\count442

`PSTricks' v3.01  <2020/09/18> (tvz,hv)
\pst@dima=\dimen192
\pst@dimb=\dimen193
\pst@dimc=\dimen194
\pst@dimd=\dimen195
\pst@dimg=\dimen196
\pst@dimh=\dimen197
\pst@dimm=\dimen198
\pst@dimn=\dimen199
\pst@dimo=\dimen256
\pst@dimp=\dimen257
\pst@hbox=\box102
\pst@ibox=\box103
\pst@boxg=\box104
\pst@cnta=\count443
\pst@cntb=\count444
\pst@cntc=\count445
\pst@cntd=\count446
\pst@cntg=\count447
\pst@cnth=\count448
\pst@cntm=\count449
\pst@cntn=\count450
\pst@cnto=\count451
\pst@cntp=\count452
\@zero=\count453
\pst@toks=\toks37
(/usr/local/texlive/2021/texmf-dist/tex/generic/pstricks/pstricks.con)
\psunit=\dimen258
\psxunit=\dimen259
\psyunit=\dimen260
\pst@C@@rType=\count454
\pslinewidth=\dimen261
\psk@startLW=\dimen262
\psk@endLW=\dimen263
\pst@customdefs=\toks38
\pslinearc=\dimen264
\pst@symbolStep=\dimen265
\pst@symbolWidth=\dimen266
\pst@symbolLinewidth=\dimen267
\everypsbox=\toks39
\psframesep=\dimen268
\pslabelsep=\dimen269
\sh@wgridXunit=\dimen270
\sh@wgridYunit=\dimen271
\pst@shift=\dimen272
)
File: pstricks.tex 2020/09/18 v3.01 `PSTricks' (tvz,hv)

(/usr/local/texlive/2021/texmf-dist/tex/generic/pstricks/pst-fp.tex)
File: pst-fp.tex 2020/09/18 v3.01 `PST-fp' (hv)
)
(/usr/local/texlive/2021/texmf-dist/tex/latex/graphics/rotating.sty
Package: rotating 2016/08/11 v2.16d rotated objects in LaTeX
\c@r@tfl@t=\count455
\rotFPtop=\skip102
\rotFPbot=\skip103
\rot@float@box=\box105
\rot@mess@toks=\toks40
)
(/usr/local/texlive/2021/texmf-dist/tex/latex/base/makeidx.sty
Package: makeidx 2014/09/29 v1.0m Standard LaTeX package
)
(/usr/local/texlive/2021/texmf-dist/tex/latex/marginnote/marginnote.sty
Package: marginnote 2018/08/09 v1.4b non floating margin notes for LaTeX
\c@mn@abspage=\count456
)
(/usr/local/texlive/2021/texmf-dist/tex/latex/ragged2e/ragged2e.sty
Package: ragged2e 2021/02/05 v3.0 ragged2e Package

(/usr/local/texlive/2021/texmf-dist/tex/latex/everysel/everysel.sty
Package: everysel 2021/01/20 v2.1 EverySelectfont Package (MS)

(/usr/local/texlive/2021/texmf-dist/tex/latex/everysel/everysel-2011-10-28.sty)
)
\CenteringLeftskip=\skip104
\RaggedLeftLeftskip=\skip105
\RaggedRightLeftskip=\skip106
\CenteringRightskip=\skip107
\RaggedLeftRightskip=\skip108
\RaggedRightRightskip=\skip109
\CenteringParfillskip=\skip110
\RaggedLeftParfillskip=\skip111
\RaggedRightParfillskip=\skip112
\JustifyingParfillskip=\skip113
\CenteringParindent=\skip114
\RaggedLeftParindent=\skip115
\RaggedRightParindent=\skip116
\JustifyingParindent=\skip117
)
\@indexfile=\write4
\openout4 = `handbook.idx'.


Writing index file handbook.idx
\mycolumnwidth=\skip118
) (./content/special/macros.tex
\w=\skip119
\tsl=\skip120
\en=\skip121

./content/special/macros.tex:154: Illegal parameter number in definition of \bl
x@defformat@d.
<to be read again> 
                   4
l.154   \usebibmacro{name:andothers}}
                                     
? s
OK, entering \scrollmode...
./content/special/macros.tex:154: Illegal parameter number in definition of \bl
x@defformat@d.
<to be read again> 
                   5
l.154   \usebibmacro{name:andothers}}
                                     
You meant to type ## instead of #, right?
Or maybe a } was forgotten somewhere earlier, and things
are all screwed up? I'm going to assume that you meant ##.

./content/special/macros.tex:154: Illegal parameter number in definition of \bl
x@defformat@d.
<to be read again> 
                   7
l.154   \usebibmacro{name:andothers}}
                                     
You meant to type ## instead of #, right?
Or maybe a } was forgotten somewhere earlier, and things
are all screwed up? I'm going to assume that you meant ##.

./content/special/macros.tex:154: Illegal parameter number in definition of \bl
x@defformat@d.
<to be read again> 
                   4
l.154   \usebibmacro{name:andothers}}
                                     
You meant to type ## instead of #, right?
Or maybe a } was forgotten somewhere earlier, and things
are all screwed up? I'm going to assume that you meant ##.

./content/special/macros.tex:154: Illegal parameter number in definition of \bl
x@defformat@d.
<to be read again> 
                   5
l.154   \usebibmacro{name:andothers}}
                                     
You meant to type ## instead of #, right?
Or maybe a } was forgotten somewhere earlier, and things
are all screwed up? I'm going to assume that you meant ##.

./content/special/macros.tex:154: Illegal parameter number in definition of \bl
x@defformat@d.
<to be read again> 
                   8
l.154   \usebibmacro{name:andothers}}
                                     
You meant to type ## instead of #, right?
Or maybe a } was forgotten somewhere earlier, and things
are all screwed up? I'm going to assume that you meant ##.

./content/special/macros.tex:154: Illegal parameter number in definition of \bl
x@defformat@d.
<to be read again> 
                   4
l.154   \usebibmacro{name:andothers}}
                                     
You meant to type ## instead of #, right?
Or maybe a } was forgotten somewhere earlier, and things
are all screwed up? I'm going to assume that you meant ##.

./content/special/macros.tex:154: Illegal parameter number in definition of \bl
x@defformat@d.
<to be read again> 
                   6
l.154   \usebibmacro{name:andothers}}
                                     
You meant to type ## instead of #, right?
Or maybe a } was forgotten somewhere earlier, and things
are all screwed up? I'm going to assume that you meant ##.

./content/special/macros.tex:154: Illegal parameter number in definition of \bl
x@defformat@d.
<to be read again> 
                   8
l.154   \usebibmacro{name:andothers}}
                                     
You meant to type ## instead of #, right?
Or maybe a } was forgotten somewhere earlier, and things
are all screwed up? I'm going to assume that you meant ##.

./content/special/macros.tex:154: Illegal parameter number in definition of \bl
x@defformat@d.
<to be read again> 
                   4
l.154   \usebibmacro{name:andothers}}
                                     
You meant to type ## instead of #, right?
Or maybe a } was forgotten somewhere earlier, and things
are all screwed up? I'm going to assume that you meant ##.

./content/special/macros.tex:154: Illegal parameter number in definition of \bl
x@defformat@d.
<to be read again> 
                   5
l.154   \usebibmacro{name:andothers}}
                                     
You meant to type ## instead of #, right?
Or maybe a } was forgotten somewhere earlier, and things
are all screwed up? I'm going to assume that you meant ##.

./content/special/macros.tex:154: Illegal parameter number in definition of \bl
x@defformat@d.
<to be read again> 
                   7
l.154   \usebibmacro{name:andothers}}
                                     
You meant to type ## instead of #, right?
Or maybe a } was forgotten somewhere earlier, and things
are all screwed up? I'm going to assume that you meant ##.

./content/special/macros.tex:167: Illegal parameter number in definition of \bl
x@defformat@d.
<to be read again> 
                   4
l.167   \usebibmacro{name:andothers}}
                                     
You meant to type ## instead of #, right?
Or maybe a } was forgotten somewhere earlier, and things
are all screwed up? I'm going to assume that you meant ##.

./content/special/macros.tex:167: Illegal parameter number in definition of \bl
x@defformat@d.
<to be read again> 
                   5
l.167   \usebibmacro{name:andothers}}
                                     
You meant to type ## instead of #, right?
Or maybe a } was forgotten somewhere earlier, and things
are all screwed up? I'm going to assume that you meant ##.

./content/special/macros.tex:167: Illegal parameter number in definition of \bl
x@defformat@d.
<to be read again> 
                   7
l.167   \usebibmacro{name:andothers}}
                                     
You meant to type ## instead of #, right?
Or maybe a } was forgotten somewhere earlier, and things
are all screwed up? I'm going to assume that you meant ##.

./content/special/macros.tex:167: Illegal parameter number in definition of \bl
x@defformat@d.
<to be read again> 
                   4
l.167   \usebibmacro{name:andothers}}
                                     
You meant to type ## instead of #, right?
Or maybe a } was forgotten somewhere earlier, and things
are all screwed up? I'm going to assume that you meant ##.

./content/special/macros.tex:167: Illegal parameter number in definition of \bl
x@defformat@d.
<to be read again> 
                   5
l.167   \usebibmacro{name:andothers}}
                                     
You meant to type ## instead of #, right?
Or maybe a } was forgotten somewhere earlier, and things
are all screwed up? I'm going to assume that you meant ##.

./content/special/macros.tex:167: Illegal parameter number in definition of \bl
x@defformat@d.
<to be read again> 
                   8
l.167   \usebibmacro{name:andothers}}
                                     
You meant to type ## instead of #, right?
Or maybe a } was forgotten somewhere earlier, and things
are all screwed up? I'm going to assume that you meant ##.

./content/special/macros.tex:167: Illegal parameter number in definition of \bl
x@defformat@d.
<to be read again> 
                   4
l.167   \usebibmacro{name:andothers}}
                                     
You meant to type ## instead of #, right?
Or maybe a } was forgotten somewhere earlier, and things
are all screwed up? I'm going to assume that you meant ##.

./content/special/macros.tex:167: Illegal parameter number in definition of \bl
x@defformat@d.
<to be read again> 
                   6
l.167   \usebibmacro{name:andothers}}
                                     
You meant to type ## instead of #, right?
Or maybe a } was forgotten somewhere earlier, and things
are all screwed up? I'm going to assume that you meant ##.

./content/special/macros.tex:167: Illegal parameter number in definition of \bl
x@defformat@d.
<to be read again> 
                   8
l.167   \usebibmacro{name:andothers}}
                                     
You meant to type ## instead of #, right?
Or maybe a } was forgotten somewhere earlier, and things
are all screwed up? I'm going to assume that you meant ##.

./content/special/macros.tex:167: Illegal parameter number in definition of \bl
x@defformat@d.
<to be read again> 
                   4
l.167   \usebibmacro{name:andothers}}
                                     
You meant to type ## instead of #, right?
Or maybe a } was forgotten somewhere earlier, and things
are all screwed up? I'm going to assume that you meant ##.

./content/special/macros.tex:167: Illegal parameter number in definition of \bl
x@defformat@d.
<to be read again> 
                   5
l.167   \usebibmacro{name:andothers}}
                                     
You meant to type ## instead of #, right?
Or maybe a } was forgotten somewhere earlier, and things
are all screwed up? I'm going to assume that you meant ##.

./content/special/macros.tex:167: Illegal parameter number in definition of \bl
x@defformat@d.
<to be read again> 
                   7
l.167   \usebibmacro{name:andothers}}
                                     
You meant to type ## instead of #, right?
Or maybe a } was forgotten somewhere earlier, and things
are all screwed up? I'm going to assume that you meant ##.

./content/special/macros.tex:180: Illegal parameter number in definition of \bl
x@defformat@d.
<to be read again> 
                   3
l.180   \usebibmacro{name:andothers}}
                                     
You meant to type ## instead of #, right?
Or maybe a } was forgotten somewhere earlier, and things
are all screwed up? I'm going to assume that you meant ##.

./content/special/macros.tex:180: Illegal parameter number in definition of \bl
x@defformat@d.
<to be read again> 
                   5
l.180   \usebibmacro{name:andothers}}
                                     
You meant to type ## instead of #, right?
Or maybe a } was forgotten somewhere earlier, and things
are all screwed up? I'm going to assume that you meant ##.

./content/special/macros.tex:180: Illegal parameter number in definition of \bl
x@defformat@d.
<to be read again> 
                   7
l.180   \usebibmacro{name:andothers}}
                                     
You meant to type ## instead of #, right?
Or maybe a } was forgotten somewhere earlier, and things
are all screwed up? I'm going to assume that you meant ##.

./content/special/macros.tex:180: Illegal parameter number in definition of \bl
x@defformat@d.
<to be read again> 
                   3
l.180   \usebibmacro{name:andothers}}
                                     
You meant to type ## instead of #, right?
Or maybe a } was forgotten somewhere earlier, and things
are all screwed up? I'm going to assume that you meant ##.

./content/special/macros.tex:180: Illegal parameter number in definition of \bl
x@defformat@d.
<to be read again> 
                   5
l.180   \usebibmacro{name:andothers}}
                                     
You meant to type ## instead of #, right?
Or maybe a } was forgotten somewhere earlier, and things
are all screwed up? I'm going to assume that you meant ##.

./content/special/macros.tex:180: Illegal parameter number in definition of \bl
x@defformat@d.
<to be read again> 
                   8
l.180   \usebibmacro{name:andothers}}
                                     
You meant to type ## instead of #, right?
Or maybe a } was forgotten somewhere earlier, and things
are all screwed up? I'm going to assume that you meant ##.

./content/special/macros.tex:180: Illegal parameter number in definition of \bl
x@defformat@d.
<to be read again> 
                   3
l.180   \usebibmacro{name:andothers}}
                                     
You meant to type ## instead of #, right?
Or maybe a } was forgotten somewhere earlier, and things
are all screwed up? I'm going to assume that you meant ##.

./content/special/macros.tex:180: Illegal parameter number in definition of \bl
x@defformat@d.
<to be read again> 
                   6
l.180   \usebibmacro{name:andothers}}
                                     
You meant to type ## instead of #, right?
Or maybe a } was forgotten somewhere earlier, and things
are all screwed up? I'm going to assume that you meant ##.

./content/special/macros.tex:180: Illegal parameter number in definition of \bl
x@defformat@d.
<to be read again> 
                   8
l.180   \usebibmacro{name:andothers}}
                                     
You meant to type ## instead of #, right?
Or maybe a } was forgotten somewhere earlier, and things
are all screwed up? I'm going to assume that you meant ##.

./content/special/macros.tex:180: Illegal parameter number in definition of \bl
x@defformat@d.
<to be read again> 
                   3
l.180   \usebibmacro{name:andothers}}
                                     
You meant to type ## instead of #, right?
Or maybe a } was forgotten somewhere earlier, and things
are all screwed up? I'm going to assume that you meant ##.

./content/special/macros.tex:180: Illegal parameter number in definition of \bl
x@defformat@d.
<to be read again> 
                   5
l.180   \usebibmacro{name:andothers}}
                                     
You meant to type ## instead of #, right?
Or maybe a } was forgotten somewhere earlier, and things
are all screwed up? I'm going to assume that you meant ##.

./content/special/macros.tex:180: Illegal parameter number in definition of \bl
x@defformat@d.
<to be read again> 
                   7
l.180   \usebibmacro{name:andothers}}
                                     
You meant to type ## instead of #, right?
Or maybe a } was forgotten somewhere earlier, and things
are all screwed up? I'm going to assume that you meant ##.

\c@WorkshopCounter=\count457
\c@TutorialCounter=\count458
) (./content/setup/venues.tex) (./content/setup/sessions.tex)
Package csquotes Info: Checking for multilingual support...
Package csquotes Info: ... found 'babel' package.
Package csquotes Info: Adjusting default style.
Package csquotes Info: Redefining alias 'default' -> 'american'.
LaTeX Font Info:    Trying to load font information for T1+ptm on input line 75
.

(/usr/local/texlive/2021/texmf-dist/tex/latex/psnfss/t1ptm.fd
File: t1ptm.fd 2001/06/04 font definitions for T1/ptm.
)
(/usr/local/texlive/2021/texmf-dist/tex/latex/l3backend/l3backend-pdftex.def
File: l3backend-pdftex.def 2021-03-18 L3 backend support: PDF output (pdfTeX)
\l__color_backend_stack_int=\count459
\l__pdf_internal_box=\box106
)

LaTeX Warning: Unused global option(s):
    [makeidx].

(./handbook.aux)
\openout1 = `handbook.aux'.

LaTeX Font Info:    Checking defaults for OML/cmm/m/it on input line 75.
LaTeX Font Info:    ... okay on input line 75.
LaTeX Font Info:    Checking defaults for OMS/cmsy/m/n on input line 75.
LaTeX Font Info:    ... okay on input line 75.
LaTeX Font Info:    Checking defaults for OT1/cmr/m/n on input line 75.
LaTeX Font Info:    ... okay on input line 75.
LaTeX Font Info:    Checking defaults for T1/cmr/m/n on input line 75.
LaTeX Font Info:    ... okay on input line 75.
LaTeX Font Info:    Checking defaults for TS1/cmr/m/n on input line 75.
LaTeX Font Info:    ... okay on input line 75.
LaTeX Font Info:    Checking defaults for OMX/cmex/m/n on input line 75.
LaTeX Font Info:    ... okay on input line 75.
LaTeX Font Info:    Checking defaults for U/cmr/m/n on input line 75.
LaTeX Font Info:    ... okay on input line 75.
LaTeX Font Info:    Checking defaults for PD1/pdf/m/n on input line 75.
LaTeX Font Info:    ... okay on input line 75.
LaTeX Font Info:    Checking defaults for PU/pdf/m/n on input line 75.
LaTeX Font Info:    ... okay on input line 75.

(/usr/local/texlive/2021/texmf-dist/tex/context/base/mkii/supp-pdf.mkii
[Loading MPS to PDF converter (version 2006.09.02).]
\scratchcounter=\count460
\scratchdimen=\dimen273
\scratchbox=\box107
\nofMPsegments=\count461
\nofMParguments=\count462
\everyMPshowfont=\toks41
\MPscratchCnt=\count463
\MPscratchDim=\dimen274
\MPnumerator=\count464
\makeMPintoPDFobject=\count465
\everyMPtoPDFconversion=\toks42
) (/usr/local/texlive/2021/texmf-dist/tex/latex/epstopdf-pkg/epstopdf-base.sty
Package: epstopdf-base 2020-01-24 v2.11 Base part for package epstopdf
Package epstopdf-base Info: Redefining graphics rule for `.eps' on input line 4
85.

(/usr/local/texlive/2021/texmf-dist/tex/latex/latexconfig/epstopdf-sys.cfg
File: epstopdf-sys.cfg 2010/07/13 v1.3 Configuration of (r)epstopdf for TeX Liv
e
))
(/usr/local/texlive/2021/texmf-dist/tex/latex/pdflscape/pdflscape.sty
Package: pdflscape 2019/12/05 v0.12 Display of landscape pages in PDF (HO)
Package pdflscape Info: Auto-detected driver: pdftex on input line 81.
)
*geometry* driver: auto-detecting
*geometry* detected driver: pdftex
*geometry* verbose mode - [ preamble ] result:
* driver: pdftex
* paper: custom
* layout: <same size as paper>
* layoutoffset:(h,v)=(0.0pt,0.0pt)
* modes: twoside 
* h-part:(L,W,R)=(54.2025pt, 307.14749pt, 36.135pt)
* v-part:(T,H,B)=(54.2025pt, 505.89pt, 54.2025pt)
* \paperwidth=397.48499pt
* \paperheight=614.295pt
* \textwidth=307.14749pt
* \textheight=505.89pt
* \oddsidemargin=-18.06749pt
* \evensidemargin=-36.135pt
* \topmargin=-48.13498pt
* \headheight=12.0pt
* \headsep=18.06749pt
* \topskip=10.0pt
* \footskip=25.29494pt
* \marginparwidth=125.0pt
* \marginparsep=7.0pt
* \columnsep=10.0pt
* \skip\footins=9.0pt plus 4.0pt minus 2.0pt
* \hoffset=0.0pt
* \voffset=0.0pt
* \mag=1000
* \@twocolumnfalse
* \@twosidetrue
* \@mparswitchtrue
* \@reversemarginfalse
* (1in=72.27pt=25.4mm, 1cm=28.453pt)

Package hyperref Info: Link coloring OFF on input line 75.
(/usr/local/texlive/2021/texmf-dist/tex/latex/hyperref/nameref.sty
Package: nameref 2021-04-02 v2.47 Cross-referencing by name of section

(/usr/local/texlive/2021/texmf-dist/tex/latex/refcount/refcount.sty
Package: refcount 2019/12/15 v3.6 Data extraction from label references (HO)
)
(/usr/local/texlive/2021/texmf-dist/tex/generic/gettitlestring/gettitlestring.s
ty
Package: gettitlestring 2019/12/15 v1.6 Cleanup title references (HO)
)
\c@section@level=\count466
)
LaTeX Info: Redefining \ref on input line 75.
LaTeX Info: Redefining \pageref on input line 75.
LaTeX Info: Redefining \nameref on input line 75.
 (./handbook.out) (./handbook.out)
\@outlinefile=\write5
\openout5 = `handbook.out'.

Package biblatex Info: Trying to load language 'american'...
Package biblatex Info: ... file 'american.lbx' found.

(/usr/local/texlive/2021/texmf-dist/tex/latex/biblatex/lbx/american.lbx
File: american.lbx 2020/12/31 v3.16 biblatex localization (PK/MW)
Package biblatex Info: Trying to load language 'english'...
Package biblatex Info: ... file 'english.lbx' found.

(/usr/local/texlive/2021/texmf-dist/tex/latex/biblatex/lbx/english.lbx
File: english.lbx 2020/12/31 v3.16 biblatex localization (PK/MW)
)
Package biblatex Info: Trying to load language 'english'...
Package biblatex Info: ... file 'english.lbx' found.

(/usr/local/texlive/2021/texmf-dist/tex/latex/biblatex/lbx/english.lbx
File: english.lbx 2020/12/31 v3.16 biblatex localization (PK/MW)
))
Package biblatex Info: Input encoding 'utf8' detected.
Package biblatex Info: Automatic encoding selection.
(biblatex)             Assuming data encoding 'utf8'.
Package biblatex Info: Document encoding is UTF8 ....

(/usr/local/texlive/2021/texmf-dist/tex/latex/l3kernel/expl3.sty
Package: expl3 2021-02-18 L3 programming layer (loader) 
)
Package biblatex Info: ... and expl3
(biblatex)             2021-02-18 L3 programming layer (loader) 
(biblatex)             is new enough (at least 2020/04/06),
(biblatex)             setting 'casechanger=expl3'.

(/usr/local/texlive/2021/texmf-dist/tex/latex/biblatex/blx-case-expl3.sty
(/usr/local/texlive/2021/texmf-dist/tex/latex/l3packages/xparse/xparse.sty
(/usr/local/texlive/2021/texmf-dist/tex/latex/l3packages/xparse/xparse-2020-10-
01.sty
(/usr/local/texlive/2021/texmf-dist/tex/latex/l3packages/xparse/xparse-generic.
tex)))
Package: blx-case-expl3 2020/12/31 v3.16 expl3 case changing code for biblatex
)
\openout3 = `handbook.bcf'.

Package biblatex Info: Trying to load bibliographic data...
Package biblatex Info: ... file 'handbook.bbl' not found.

No file handbook.bbl.
Package biblatex Info: Reference section=0 on input line 75.
Package biblatex Info: Reference segment=0 on input line 75.
ABD: EverySelectfont initializing macros
LaTeX Info: Redefining \selectfont on input line 75.
<content/fmatter/cover.pdf, id=103, 597.23125pt x 844.15375pt>
File: content/fmatter/cover.pdf Graphic file (type pdf)
<use content/fmatter/cover.pdf>
Package pdftex.def Info: content/fmatter/cover.pdf  used on input line 82.
(pdftex.def)             Requested size: 597.22978pt x 844.15169pt.
File: content/fmatter/cover.pdf Graphic file (type pdf)
<use content/fmatter/cover.pdf>
Package pdftex.def Info: content/fmatter/cover.pdf  used on input line 82.
(pdftex.def)             Requested size: 597.22978pt x 844.15169pt.
<content/fmatter/cover.pdf, id=106, page=1, 597.23125pt x 844.15375pt>
File: content/fmatter/cover.pdf Graphic file (type pdf)
<use content/fmatter/cover.pdf, page 1>
Package pdftex.def Info: content/fmatter/cover.pdf , page1 used on input line 8
2.
(pdftex.def)             Requested size: 597.22978pt x 844.15169pt.
File: content/fmatter/cover.pdf Graphic file (type pdf)
<use content/fmatter/cover.pdf, page 1>
Package pdftex.def Info: content/fmatter/cover.pdf , page1 used on input line 8
2.
(pdftex.def)             Requested size: 397.63678pt x 562.03787pt.
File: content/fmatter/cover.pdf Graphic file (type pdf)
<use content/fmatter/cover.pdf, page 1>
Package pdftex.def Info: content/fmatter/cover.pdf , page1 used on input line 8
2.
(pdftex.def)             Requested size: 397.63678pt x 562.03787pt.
File: content/fmatter/cover.pdf Graphic file (type pdf)
<use content/fmatter/cover.pdf, page 1>
Package pdftex.def Info: content/fmatter/cover.pdf , page1 used on input line 8
2.
(pdftex.def)             Requested size: 397.63678pt x 562.03787pt.
File: content/fmatter/cover.pdf Graphic file (type pdf)
<use content/fmatter/cover.pdf, page 1>
Package pdftex.def Info: content/fmatter/cover.pdf , page1 used on input line 8
2.
(pdftex.def)             Requested size: 397.63678pt x 562.03787pt.
 [1
Non-PDF special ignored!
<special> header=pstricks.pro
Non-PDF special ignored!
<special> header=pst-algparser.pro
Non-PDF special ignored!
<special> header=pst-tools.pro
Non-PDF special ignored!
<special> header=pst-dots.pro

Non-PDF special ignored!
<special> ps: /pssetRGBcolor /setrgbcolor load def /pssetCMYKcolor /setcmyk...
Non-PDF special ignored!
<special> ps:tx@Dict begin  gsave STV CP T /ps@rot 0 def grestore  end
Non-PDF special ignored!
<special> ps:tx@Dict begin  gsave STV CP T /ps@refangle 0.  def grestore  e...
 <./content/fmatter/cover.pdf>] (./content/maps.tex
LaTeX Font Info:    External font `cmex10' loaded for size
(Font)              <8> on input line 5.
LaTeX Font Info:    External font `cmex10' loaded for size
(Font)              <6> on input line 5.
LaTeX Font Info:    External font `cmex10' loaded for size
(Font)              <5> on input line 5.
<content/hotel-map-1.pdf, id=133, 527.00435pt x 470.7986pt>
File: content/hotel-map-1.pdf Graphic file (type pdf)
<use content/hotel-map-1.pdf>
Package pdftex.def Info: content/hotel-map-1.pdf  used on input line 6.
(pdftex.def)             Requested size: 274.6262pt x 245.33391pt.
<content/hotel-map-2.pdf, id=134, 587.8168pt x 572.39738pt>
File: content/hotel-map-2.pdf Graphic file (type pdf)
<use content/hotel-map-2.pdf>
Package pdftex.def Info: content/hotel-map-2.pdf  used on input line 9.
(pdftex.def)             Requested size: 274.6262pt x 267.41974pt.

Overfull \vbox (25.6637pt too high) has occurred while \output is active []


[2{/usr/local/texlive/2021/texmf-var/fonts/map/pdftex/updmap/pdftex.map} <./con
tent/hotel-map-1.pdf> <./content/hotel-map-2.pdf>])
Underfull \hbox (badness 10000) in paragraph at lines 91--95

 []

[3

] [4

]
LaTeX Font Info:    Trying to load font information for T1+phv on input line 11
4.
 (/usr/local/texlive/2021/texmf-dist/tex/latex/psnfss/t1phv.fd
File: t1phv.fd 2020/03/25 scalable font definitions for T1/phv.
)
(./handbook.toc)
\tf@toc=\write6
\openout6 = `handbook.toc'.

 [1


] [2

] (./content/ads/ads.tex
<content/ads/gold/goldman_sachs.pdf, id=204, 325.215pt x 289.08pt>
File: content/ads/gold/goldman_sachs.pdf Graphic file (type pdf)
<use content/ads/gold/goldman_sachs.pdf>
Package pdftex.def Info: content/ads/gold/goldman_sachs.pdf  used on input line
 6.
(pdftex.def)             Requested size: 289.07999pt x 256.98044pt.
<content/ads/bronze/yahoo_labs.pdf, id=205, 361.35pt x 144.54pt>
File: content/ads/bronze/yahoo_labs.pdf Graphic file (type pdf)
<use content/ads/bronze/yahoo_labs.pdf>
Package pdftex.def Info: content/ads/bronze/yahoo_labs.pdf  used on input line 
8.
(pdftex.def)             Requested size: 289.07999pt x 115.63214pt.
<content/ads/silver/sdl_research.pdf, id=206, 614.295pt x 233.9678pt>
File: content/ads/silver/sdl_research.pdf Graphic file (type pdf)
<use content/ads/silver/sdl_research.pdf>
Package pdftex.def Info: content/ads/silver/sdl_research.pdf  used on input lin
e 9.
(pdftex.def)             Requested size: 289.07999pt x 110.1041pt.
pdfTeX warning (ext4): destination with the same identifier (name{page.1}) has 
been already used, duplicate ignored
<to be read again> 
                   \relax 
l.14 \clearpage
                [1

 <./content/ads/gold/goldman_sachs.pdf> <./content/ads/bronze/yahoo_labs.pdf> <
./content/ads/silver/sdl_research.pdf>]
<content/ads/platinum/Bloomberg.pdf, id=457, 542.025pt x 722.7pt>
File: content/ads/platinum/Bloomberg.pdf Graphic file (type pdf)
<use content/ads/platinum/Bloomberg.pdf>
Package pdftex.def Info: content/ads/platinum/Bloomberg.pdf  used on input line
 18.
(pdftex.def)             Requested size: 289.07999pt x 385.45522pt.
)pdfTeX warning (ext4): destination with the same identifier (name{page.2}) has
 been already used, duplicate ignored
<to be read again> 
                   \relax 
l.127 \chapter
              {Conference Information} [2

 <./content/ads/platinum/Bloomberg.pdf>]
Chapter 1.
LaTeX Font Info:    Trying to load font information for OT1+pzc on input line 1
27.
(/usr/local/texlive/2021/texmf-dist/tex/latex/psnfss/ot1pzc.fd
File: ot1pzc.fd 2020/03/25 font definitions for OT1/pzc.
)
LaTeX Font Info:    Font shape `OT1/pzc/m/n' in size <76> not available
(Font)              Font shape `OT1/pzc/m/it' tried instead on input line 127.

Overfull \hbox (10.0pt too wide) in paragraph at lines 127--127
[][][][][][][][][]  
 []

(./content/fmatter/preface-chair.tex
LaTeX Font Info:    Trying to load font information for TS1+ptm on input line 1
5.

(/usr/local/texlive/2021/texmf-dist/tex/latex/psnfss/ts1ptm.fd
File: ts1ptm.fd 2001/06/04 font definitions for TS1/ptm.
)pdfTeX warning (ext4): destination with the same identifier (name{page.3}) has
 been already used, duplicate ignored
<to be read again> 
                   \relax 
l.23 \item T
            he Ethics Chairs -- Margot Mieskes and Christopher Potts -- who ...
[3

]
./content/fmatter/preface-chair.tex:28: Misplaced alignment tab character &.
l.28 \item The Diversity &
                           Inclusion Chairs -- Laura Alonso Alemany and Tosh...
I can't figure out why you would want to use a tab mark
here. If you just want an ampersand, the remedy is
simple: Just type `I\&' now. But if some right brace
up above has ended a previous alignment prematurely,
you're probably due for more error messages, and you
might try typing `S' now just to see what is salvageable.


Underfull \hbox (badness 10000) in paragraph at lines 37--39

 []

)pdfTeX warning (ext4): destination with the same identifier (name{page.4}) has
 been already used, duplicate ignored
<to be read again> 
                   \relax 
l.130 \clearpage
                 [4] (./content/fmatter/preface-pc.tex [5

] [6]
Overfull \hbox (11.89061pt too wide) in paragraph at lines 61--62
\T1/ptm/m/n/8 Yongxin Zhang and Xingwu Hu, who helped with the ini-tial re-view
er as-sign-ment, anonymity,
 []


Overfull \hbox (4.3778pt too wide) in paragraph at lines 68--69
[]\T1/ptm/m/n/8 Publicity Chairs Raf-faella Bernardi and Preethi Jyothi, Web-si
te Chair Miryam de Lhoneux,
 []

[7]
Underfull \hbox (badness 10000) in paragraph at lines 84--85

 []

) [8] (./content/fmatter/committee.tex [9

]
Underfull \hbox (badness 10000) in paragraph at lines 82--94

 []


Underfull \hbox (badness 10000) in paragraph at lines 95--116

 []


Underfull \hbox (badness 10000) in paragraph at lines 117--123

 []


Underfull \hbox (badness 10000) in paragraph at lines 124--129

 []


Underfull \vbox (badness 10000) has occurred while \output is active []

 [10

]
Underfull \hbox (badness 10000) in paragraph at lines 130--139

 []


Underfull \hbox (badness 10000) in paragraph at lines 140--157

 []


Underfull \hbox (badness 10000) in paragraph at lines 158--184

 []


Underfull \vbox (badness 10000) has occurred while \output is active []

 [11]
Underfull \hbox (badness 10000) in paragraph at lines 185--196

 []


Underfull \hbox (badness 10000) in paragraph at lines 197--213

 []


Underfull \hbox (badness 10000) in paragraph at lines 214--220

 []


Underfull \hbox (badness 10000) in paragraph at lines 221--246

 []


Underfull \vbox (badness 10000) has occurred while \output is active []

 [12]
Underfull \hbox (badness 10000) in paragraph at lines 247--267

 []

./content/fmatter/committee.tex:274: Misplaced alignment tab character &.
l.274 ...e*{0.2in} Steven Bedrick, Oregon Health &
                                                   Science University\\
I can't figure out why you would want to use a tab mark
here. If you just want an ampersand, the remedy is
simple: Just type `I\&' now. But if some right brace
up above has ended a previous alignment prematurely,
you're probably due for more error messages, and you
might try typing `S' now just to see what is salvageable.


Underfull \hbox (badness 10000) in paragraph at lines 268--297

 []


Underfull \vbox (badness 10000) has occurred while \output is active []

 [13]
Underfull \hbox (badness 10000) in paragraph at lines 298--305

 []


Underfull \hbox (badness 10000) in paragraph at lines 306--322

 []


Underfull \hbox (badness 10000) in paragraph at lines 323--333

 []


Underfull \hbox (badness 10000) in paragraph at lines 334--353

 []


Underfull \vbox (badness 10000) has occurred while \output is active []

 [14]
Underfull \hbox (badness 10000) in paragraph at lines 354--369

 []


Underfull \hbox (badness 10000) in paragraph at lines 370--383

 []


Underfull \hbox (badness 10000) in paragraph at lines 384--396

 []


Underfull \hbox (badness 10000) in paragraph at lines 397--404

 []


Underfull \vbox (badness 10000) has occurred while \output is active []

 [15])
Underfull \hbox (badness 10000) in paragraph at lines 405--136

 []

[16] (./content/meal-info.tex) [17

]
(./content/tutorials/tutorials-overview-1.tex [18


]
Chapter 2.

Overfull \hbox (10.0pt too wide) in paragraph at lines 3--3
[][][][][][][][][]  
 []

[19] (./content/tutorials/tutorials-001.tex

Package hyperref Warning: Token not allowed in a PDF string (Unicode):
(hyperref)                removing `\\' on input line 26.


LaTeX Warning: Citation 'Alane Suhr' on page 20 undefined on input line 26.


LaTeX Warning: Citation 'Clara Vania' on page 20 undefined on input line 26.


LaTeX Warning: Citation 'Nikita Nangia' on page 20 undefined on input line 26.


LaTeX Warning: Citation 'Maarten Sap' on page 20 undefined on input line 26.


LaTeX Warning: Citation 'Mark Yatskar' on page 20 undefined on input line 26.


LaTeX Warning: Citation 'Samuel R. Bowman' on page 20 undefined on input line 2
6.


LaTeX Warning: Citation 'Yoav Artzi' on page 20 undefined on input line 26.

[20

]) [21] (./content/tutorials/tutorials-002.tex

LaTeX Warning: Citation 'Hsin-Hsi Chen' on page 22 undefined on input line 14.


LaTeX Warning: Citation 'Hen-Hsen Huang' on page 22 undefined on input line 14.



LaTeX Warning: Citation 'Chung-Chi Chen' on page 22 undefined on input line 14.


) [22

] [23] (./content/tutorials/tutorials-003.tex

LaTeX Warning: Citation 'Wenhao Yu' on page 24 undefined on input line 21.


LaTeX Warning: Citation 'Meng Jiang' on page 24 undefined on input line 21.


LaTeX Warning: Citation 'Zhiting Hu' on page 24 undefined on input line 21.


LaTeX Warning: Citation 'Qingyun Wang' on page 24 undefined on input line 21.


LaTeX Warning: Citation 'Heng Ji' on page 24 undefined on input line 21.


LaTeX Warning: Citation 'Nazneen Rajani' on page 24 undefined on input line 21.


)) (./content/tutorials/tutorials-overview-2.tex [24

] [25] [26

]
Chapter 3.

Overfull \hbox (10.0pt too wide) in paragraph at lines 3--3
[][][][][][][][][]  
 []


./content/tutorials/tutorials-overview-2.tex:10: LaTeX Error: Command \tutorial
morningtime already defined.
               Or name \end... illegal, see p.192 of the manual.

See the LaTeX manual or LaTeX Companion for explanation.
Type  H <return>  for immediate help.
 ...                                              
                                                  
l.10 ...mmand{\tutorialmorningtime}{9:00--12:30pm}
                                                  
Your command was ignored.
Type  I <command> <return>  to replace it with another command,
or  <return>  to continue without it.

[27] (./content/tutorials/tutorials-004.tex

LaTeX Warning: Citation 'Sebastian Ruder' on page 28 undefined on input line 12
.


LaTeX Warning: Citation 'Avirup Sil' on page 28 undefined on input line 12.

) [28

] (./content/tutorials/tutorials-005.tex

LaTeX Warning: Citation 'Kai-Wei Chang' on page 29 undefined on input line 16.


LaTeX Warning: Citation 'He He' on page 29 undefined on input line 16.


LaTeX Warning: Citation 'Robin Jia' on page 29 undefined on input line 16.


LaTeX Warning: Citation 'Sameer Singh' on page 29 undefined on input line 16.

) [29

] [30] (./content/tutorials/tutorials-006.tex

LaTeX Warning: Citation 'Hai Zhao' on page 31 undefined on input line 15.


LaTeX Warning: Citation 'Rui Wang' on page 31 undefined on input line 15.


LaTeX Warning: Citation 'Kehai Chen' on page 31 undefined on input line 15.

)) (./content/tutorials/welcome_reception.tex [31

])
(./content/workshops/workshops.tex [32

]
Chapter 4.

Overfull \hbox (10.0pt too wide) in paragraph at lines 1--1
[][][][][][][][][]  
 []

(./content/workshops/overview.tex

LaTeX Warning: Reference `WShopA' on page 33 undefined on input line 15.


LaTeX Warning: Reference `WShopB' on page 33 undefined on input line 16.


LaTeX Warning: Reference `WShopC' on page 33 undefined on input line 17.


LaTeX Warning: Reference `WShopD' on page 33 undefined on input line 18.


LaTeX Warning: Reference `WShopE' on page 33 undefined on input line 23.


LaTeX Warning: Reference `WShopF' on page 33 undefined on input line 24.


LaTeX Warning: Reference `WShopG' on page 33 undefined on input line 25.


LaTeX Warning: Reference `WShopJ' on page 33 undefined on input line 28.


LaTeX Warning: Reference `WShopK' on page 33 undefined on input line 29.


LaTeX Warning: Reference `WShopL' on page 33 undefined on input line 30.


Overfull \hbox (0.64151pt too wide) in paragraph at lines 37--37
 \T1/ptm/m/n/8 sign-
 []


Overfull \hbox (5.5215pt too wide) in paragraph at lines 37--37
 \T1/ptm/m/n/8 Mean-
 []


Overfull \hbox (4.88164pt too wide) in paragraph at lines 37--37
 \T1/ptm/m/n/8 Work-
 []

./content/workshops/overview.tex:37: Extra alignment tab has been changed to \c
r.
<recently read> \endtemplate 
                             
l.37 ...g Meaning Representations Joint Workshop &
                                                   p.\pageref{WShopP} \\
You have given more \span or & marks than there were
in the preamble to the \halign or \valign now in progress.
So I'll assume that you meant to type \cr instead.


LaTeX Warning: Reference `WShopP' on page 33 undefined on input line 37.


LaTeX Warning: Reference `WShopQ' on page 33 undefined on input line 38.


LaTeX Warning: Reference `WShopR' on page 33 undefined on input line 39.


LaTeX Warning: Reference `WShopS' on page 33 undefined on input line 40.


LaTeX Warning: Reference `WShopT' on page 33 undefined on input line 41.


LaTeX Warning: Reference `WShopV' on page 33 undefined on input line 43.


LaTeX Warning: Reference `WShopW' on page 33 undefined on input line 44.


Underfull \vbox (badness 10000) has occurred while \output is active []

 [33

]
Overfull \vbox (100.59099pt too high) has occurred while \output is active []


[34])

LaTeX Warning: Citation 'workshop6' on page 35 undefined on input line 88.

(./auto/ci+nlp/schedule.tex
./auto/ci+nlp/schedule.tex:3: You can't use `macro parameter character #' in ho
rizontal mode.
l.3 ...m[9:00--9:10] {\bfseries  Opening Remarks #
                                                  }
Sorry, but I'm not programmed to handle this case;
I'll just pretend that you didn't ask for it.
If you're in the wrong mode, you might be able to
return to the right one by typing `I}' or `I$' or `I\par'.


LaTeX Warning: Citation 'ci+nlp-003' on page 35 undefined on input line 13.


LaTeX Warning: Citation 'ci+nlp-003' on page 35 undefined on input line 13.


LaTeX Warning: Citation 'ci+nlp-004' on page 35 undefined on input line 14.


LaTeX Warning: Citation 'ci+nlp-004' on page 35 undefined on input line 14.


LaTeX Warning: Citation 'ci+nlp-007' on page 35 undefined on input line 15.


LaTeX Warning: Citation 'ci+nlp-007' on page 35 undefined on input line 15.


LaTeX Warning: Citation 'ci+nlp-008' on page 35 undefined on input line 16.


LaTeX Warning: Citation 'ci+nlp-008' on page 35 undefined on input line 16.


LaTeX Warning: Citation 'ci+nlp-011' on page 35 undefined on input line 23.


LaTeX Warning: Citation 'ci+nlp-011' on page 35 undefined on input line 23.


LaTeX Warning: Citation 'ci+nlp-013' on page 35 undefined on input line 24.


LaTeX Warning: Citation 'ci+nlp-013' on page 35 undefined on input line 24.


LaTeX Warning: Citation 'ci+nlp-014' on page 35 undefined on input line 25.


LaTeX Warning: Citation 'ci+nlp-014' on page 35 undefined on input line 25.


LaTeX Warning: Citation 'ci+nlp-015' on page 35 undefined on input line 26.


LaTeX Warning: Citation 'ci+nlp-015' on page 35 undefined on input line 26.

) [35


]

LaTeX Warning: Citation 'workshop10' on page 36 undefined on input line 96.

(./auto/insights/schedule.tex

LaTeX Warning: Citation 'insights-001' on page 36 undefined on input line 1.


LaTeX Warning: Citation 'insights-001' on page 36 undefined on input line 1.


LaTeX Warning: Citation 'insights-003' on page 36 undefined on input line 2.


LaTeX Warning: Citation 'insights-003' on page 36 undefined on input line 2.


LaTeX Warning: Citation 'insights-004' on page 36 undefined on input line 3.


LaTeX Warning: Citation 'insights-004' on page 36 undefined on input line 3.


LaTeX Warning: Citation 'insights-006' on page 36 undefined on input line 4.


LaTeX Warning: Citation 'insights-006' on page 36 undefined on input line 4.


LaTeX Warning: Citation 'insights-011' on page 36 undefined on input line 5.


LaTeX Warning: Citation 'insights-011' on page 36 undefined on input line 5.


LaTeX Warning: Citation 'insights-014' on page 36 undefined on input line 6.


LaTeX Warning: Citation 'insights-014' on page 36 undefined on input line 6.


LaTeX Warning: Citation 'insights-016' on page 36 undefined on input line 7.


LaTeX Warning: Citation 'insights-016' on page 36 undefined on input line 7.


LaTeX Warning: Citation 'insights-017' on page 36 undefined on input line 8.


LaTeX Warning: Citation 'insights-017' on page 36 undefined on input line 8.


LaTeX Warning: Citation 'insights-019' on page 36 undefined on input line 9.


LaTeX Warning: Citation 'insights-019' on page 36 undefined on input line 9.


LaTeX Warning: Citation 'insights-022' on page 36 undefined on input line 10.


LaTeX Warning: Citation 'insights-022' on page 36 undefined on input line 10.


LaTeX Warning: Citation 'insights-024' on page 36 undefined on input line 11.


LaTeX Warning: Citation 'insights-024' on page 36 undefined on input line 11.


LaTeX Warning: Citation 'insights-027' on page 36 undefined on input line 12.


LaTeX Warning: Citation 'insights-027' on page 36 undefined on input line 12.


LaTeX Warning: Citation 'insights-029' on page 36 undefined on input line 13.


LaTeX Warning: Citation 'insights-029' on page 36 undefined on input line 13.


LaTeX Warning: Citation 'insights-030' on page 36 undefined on input line 14.


LaTeX Warning: Citation 'insights-030' on page 36 undefined on input line 14.


LaTeX Warning: Citation 'insights-033' on page 36 undefined on input line 15.


LaTeX Warning: Citation 'insights-033' on page 36 undefined on input line 15.


LaTeX Warning: Citation 'insights-034' on page 36 undefined on input line 16.


LaTeX Warning: Citation 'insights-034' on page 36 undefined on input line 16.


LaTeX Warning: Citation 'insights-035' on page 36 undefined on input line 17.


LaTeX Warning: Citation 'insights-035' on page 36 undefined on input line 17.


LaTeX Warning: Citation 'insights-036' on page 36 undefined on input line 18.


LaTeX Warning: Citation 'insights-036' on page 36 undefined on input line 18.


LaTeX Warning: Citation 'insights-038' on page 36 undefined on input line 19.


LaTeX Warning: Citation 'insights-038' on page 36 undefined on input line 19.


LaTeX Warning: Citation 'insights-040' on page 36 undefined on input line 20.


LaTeX Warning: Citation 'insights-040' on page 36 undefined on input line 20.

) [36

]

LaTeX Warning: Citation 'workshop20' on page 37 undefined on input line 128.

(./auto/fever/schedule.tex

LaTeX Warning: Citation 'fever-002' on page 37 undefined on input line 12.


LaTeX Warning: Citation 'fever-002' on page 37 undefined on input line 12.


LaTeX Warning: Citation 'fever-003' on page 37 undefined on input line 13.


LaTeX Warning: Citation 'fever-003' on page 37 undefined on input line 13.


LaTeX Warning: Citation 'fever-009' on page 37 undefined on input line 26.


LaTeX Warning: Citation 'fever-009' on page 37 undefined on input line 26.


LaTeX Warning: Citation 'fever-005' on page 37 undefined on input line 27.


LaTeX Warning: Citation 'fever-005' on page 37 undefined on input line 27.


LaTeX Warning: Citation 'fever-004' on page 37 undefined on input line 31.


LaTeX Warning: Citation 'fever-004' on page 37 undefined on input line 31.


LaTeX Warning: Citation 'fever-006' on page 37 undefined on input line 32.


LaTeX Warning: Citation 'fever-006' on page 37 undefined on input line 32.


LaTeX Warning: Citation 'fever-007' on page 37 undefined on input line 33.


LaTeX Warning: Citation 'fever-007' on page 37 undefined on input line 33.


LaTeX Warning: Citation 'fever-014' on page 37 undefined on input line 34.


LaTeX Warning: Citation 'fever-014' on page 37 undefined on input line 34.


LaTeX Warning: Citation 'fever-010' on page 37 undefined on input line 35.


LaTeX Warning: Citation 'fever-010' on page 37 undefined on input line 35.


LaTeX Warning: Citation 'fever-011' on page 37 undefined on input line 36.


LaTeX Warning: Citation 'fever-011' on page 37 undefined on input line 36.


LaTeX Warning: Citation 'fever-013' on page 37 undefined on input line 37.


LaTeX Warning: Citation 'fever-013' on page 37 undefined on input line 37.


LaTeX Warning: Citation 'fever-015' on page 37 undefined on input line 38.


LaTeX Warning: Citation 'fever-015' on page 37 undefined on input line 38.

) [37

]

LaTeX Warning: Citation 'workshop21' on page 38 undefined on input line 136.

(./auto/newsum/schedule.tex
./auto/newsum/schedule.tex:3: You can't use `macro parameter character #' in ho
rizontal mode.
l.3 ...:00--10:30] {\bfseries  Morning Session I #
                                                  }
Sorry, but I'm not programmed to handle this case;
I'll just pretend that you didn't ask for it.
If you're in the wrong mode, you might be able to
return to the right one by typing `I}' or `I$' or `I\par'.


LaTeX Warning: Citation 'newsum-012' on page 38 undefined on input line 8.


LaTeX Warning: Citation 'newsum-012' on page 38 undefined on input line 8.


LaTeX Warning: Citation 'newsum-017' on page 38 undefined on input line 9.


LaTeX Warning: Citation 'newsum-017' on page 38 undefined on input line 9.


LaTeX Warning: Citation 'newsum-004' on page 38 undefined on input line 10.


LaTeX Warning: Citation 'newsum-004' on page 38 undefined on input line 10.


LaTeX Warning: Citation 'newsum-029' on page 38 undefined on input line 11.


LaTeX Warning: Citation 'newsum-029' on page 38 undefined on input line 11.

./auto/newsum/schedule.tex:17: You can't use `macro parameter character #' in h
orizontal mode.
l.17 ...0--12:00] {\bfseries  Morning session II #
                                                  }
Sorry, but I'm not programmed to handle this case;
I'll just pretend that you didn't ask for it.
If you're in the wrong mode, you might be able to
return to the right one by typing `I}' or `I$' or `I\par'.


LaTeX Warning: Citation 'newsum-006' on page 38 undefined on input line 20.


LaTeX Warning: Citation 'newsum-006' on page 38 undefined on input line 20.

./auto/newsum/schedule.tex:26: You can't use `macro parameter character #' in h
orizontal mode.
l.26 ...0--2:30] {\bfseries  Afternoon session I #
                                                  }
Sorry, but I'm not programmed to handle this case;
I'll just pretend that you didn't ask for it.
If you're in the wrong mode, you might be able to
return to the right one by typing `I}' or `I$' or `I\par'.


LaTeX Warning: Citation 'newsum-010' on page 38 undefined on input line 29.


LaTeX Warning: Citation 'newsum-010' on page 38 undefined on input line 29.


LaTeX Warning: Citation 'newsum-021' on page 38 undefined on input line 30.


LaTeX Warning: Citation 'newsum-021' on page 38 undefined on input line 30.


LaTeX Warning: Citation 'newsum-005' on page 38 undefined on input line 31.


LaTeX Warning: Citation 'newsum-005' on page 38 undefined on input line 31.


LaTeX Warning: Citation 'newsum-008' on page 38 undefined on input line 32.


LaTeX Warning: Citation 'newsum-008' on page 38 undefined on input line 32.


LaTeX Warning: Citation 'newsum-024' on page 38 undefined on input line 33.


LaTeX Warning: Citation 'newsum-024' on page 38 undefined on input line 33.

./auto/newsum/schedule.tex:39: You can't use `macro parameter character #' in h
orizontal mode.
l.39 ...--3:35] {\bfseries  Afternoon session II #
                                                  }
Sorry, but I'm not programmed to handle this case;
I'll just pretend that you didn't ask for it.
If you're in the wrong mode, you might be able to
return to the right one by typing `I}' or `I$' or `I\par'.


LaTeX Warning: Citation 'newsum-023' on page 38 undefined on input line 40.


LaTeX Warning: Citation 'newsum-023' on page 38 undefined on input line 40.


LaTeX Warning: Citation 'newsum-026' on page 38 undefined on input line 41.


LaTeX Warning: Citation 'newsum-026' on page 38 undefined on input line 41.


LaTeX Warning: Citation 'newsum-031' on page 38 undefined on input line 42.


LaTeX Warning: Citation 'newsum-031' on page 38 undefined on input line 42.


LaTeX Warning: Citation 'newsum-015' on page 38 undefined on input line 43.


LaTeX Warning: Citation 'newsum-015' on page 38 undefined on input line 43.

./auto/newsum/schedule.tex:46: You can't use `macro parameter character #' in h
orizontal mode.
l.46 ...es  EMNLP Finding papers - Summarization #
                                                  }
Sorry, but I'm not programmed to handle this case;
I'll just pretend that you didn't ask for it.
If you're in the wrong mode, you might be able to
return to the right one by typing `I}' or `I$' or `I\par'.

[38

]

LaTeX Warning: Citation 'newsum-035' on page 39 undefined on input line 47.


LaTeX Warning: Citation 'newsum-035' on page 39 undefined on input line 47.

./auto/newsum/schedule.tex:53: You can't use `macro parameter character #' in h
orizontal mode.
l.53 ...-6:00] {\bfseries  Afternoon session III #
                                                  }
Sorry, but I'm not programmed to handle this case;
I'll just pretend that you didn't ask for it.
If you're in the wrong mode, you might be able to
return to the right one by typing `I}' or `I$' or `I\par'.


LaTeX Warning: Citation 'newsum-027' on page 39 undefined on input line 54.


LaTeX Warning: Citation 'newsum-027' on page 39 undefined on input line 54.


LaTeX Warning: Citation 'newsum-002' on page 39 undefined on input line 55.


LaTeX Warning: Citation 'newsum-002' on page 39 undefined on input line 55.

) [39]

LaTeX Warning: Citation 'workshop1' on page 40 undefined on input line 150.

(./auto/econlp/schedule.tex
./auto/econlp/schedule.tex:4: Misplaced alignment tab character &.
l.4 ...ng remarks and status report on economics &
                                                   NLP (Udo Hahn)}
I can't figure out why you would want to use a tab mark
here. If you just want an ampersand, the remedy is
simple: Just type `I\&' now. But if some right brace
up above has ended a previous alignment prematurely,
you're probably due for more error messages, and you
might try typing `S' now just to see what is salvageable.


LaTeX Warning: Citation 'econlp-005' on page 40 undefined on input line 8.


LaTeX Warning: Citation 'econlp-005' on page 40 undefined on input line 8.


LaTeX Warning: Citation 'econlp-003' on page 40 undefined on input line 9.


LaTeX Warning: Citation 'econlp-003' on page 40 undefined on input line 9.


LaTeX Warning: Citation 'econlp-011' on page 40 undefined on input line 10.


LaTeX Warning: Citation 'econlp-011' on page 40 undefined on input line 10.


LaTeX Warning: Citation 'econlp-004' on page 40 undefined on input line 17.


LaTeX Warning: Citation 'econlp-004' on page 40 undefined on input line 17.


LaTeX Warning: Citation 'econlp-013' on page 40 undefined on input line 18.


LaTeX Warning: Citation 'econlp-013' on page 40 undefined on input line 18.


LaTeX Warning: Citation 'econlp-018' on page 40 undefined on input line 19.


LaTeX Warning: Citation 'econlp-018' on page 40 undefined on input line 19.


LaTeX Warning: Citation 'econlp-001' on page 40 undefined on input line 28.


LaTeX Warning: Citation 'econlp-001' on page 40 undefined on input line 28.


LaTeX Warning: Citation 'econlp-008' on page 40 undefined on input line 29.


LaTeX Warning: Citation 'econlp-008' on page 40 undefined on input line 29.


LaTeX Warning: Citation 'econlp-009' on page 40 undefined on input line 30.


LaTeX Warning: Citation 'econlp-009' on page 40 undefined on input line 30.


LaTeX Warning: Citation 'econlp-012' on page 40 undefined on input line 37.


LaTeX Warning: Citation 'econlp-012' on page 40 undefined on input line 37.


LaTeX Warning: Citation 'econlp-016' on page 40 undefined on input line 38.


LaTeX Warning: Citation 'econlp-016' on page 40 undefined on input line 38.


LaTeX Warning: Citation 'econlp-017' on page 40 undefined on input line 39.


LaTeX Warning: Citation 'econlp-017' on page 40 undefined on input line 39.

) [40

] [41]

LaTeX Warning: Citation 'workshop17' on page 42 undefined on input line 198.

(./auto/eancs/schedule.tex

LaTeX Warning: Citation 'eancs-004' on page 42 undefined on input line 1.


LaTeX Warning: Citation 'eancs-004' on page 42 undefined on input line 1.


LaTeX Warning: Citation 'eancs-005' on page 42 undefined on input line 2.


LaTeX Warning: Citation 'eancs-005' on page 42 undefined on input line 2.


LaTeX Warning: Citation 'eancs-006' on page 42 undefined on input line 3.


LaTeX Warning: Citation 'eancs-006' on page 42 undefined on input line 3.


LaTeX Warning: Citation 'eancs-007' on page 42 undefined on input line 4.


LaTeX Warning: Citation 'eancs-007' on page 42 undefined on input line 4.

) [42

]) (./content/anti-harassment-policy.tex
Chapter 5.

Overfull \hbox (10.0pt too wide) in paragraph at lines 1--1
[][][][][][][][][]  
 []

) [43



] [44

]
No file handbook.ind.

Underfull \hbox (badness 10000) in paragraph at lines 205--207

 []

(./content/sponsors/sponsors.tex
<content/sponsors/diamond/apple.png, id=983, 150.5625pt x 150.5625pt>
File: content/sponsors/diamond/apple.png Graphic file (type png)
<use content/sponsors/diamond/apple.png>
Package pdftex.def Info: content/sponsors/diamond/apple.png  used on input line
 6.
(pdftex.def)             Requested size: 72.26999pt x 72.27147pt.
<content/sponsors/diamond/Bloomberg-logo-2019.png, id=985, 220.825pt x 132.495p
t>
File: content/sponsors/diamond/Bloomberg-logo-2019.png Graphic file (type png)
<use content/sponsors/diamond/Bloomberg-logo-2019.png>
Package pdftex.def Info: content/sponsors/diamond/Bloomberg-logo-2019.png  used
 on input line 7.
(pdftex.def)             Requested size: 72.26999pt x 43.36159pt.
<content/sponsors/diamond/Facebook-AI2020.png, id=986, 2342.7525pt x 529.98pt>
File: content/sponsors/diamond/Facebook-AI2020.png Graphic file (type png)
<use content/sponsors/diamond/Facebook-AI2020.png>
Package pdftex.def Info: content/sponsors/diamond/Facebook-AI2020.png  used on 
input line 8.
(pdftex.def)             Requested size: 36.135pt x 8.1677pt.
<content/sponsors/diamond/google.png, id=987, 672.5125pt x 96.36pt>
File: content/sponsors/diamond/google.png Graphic file (type png)
<use content/sponsors/diamond/google.png>
Package pdftex.def Info: content/sponsors/diamond/google.png  used on input lin
e 9.
(pdftex.def)             Requested size: 72.26999pt x 10.35408pt.

Underfull \hbox (badness 10000) in paragraph at lines 4--11

 []

./content/sponsors/sponsors.tex:13: Extra alignment tab has been changed to \cr
.
<template> \endtemplate 
                        
l.13   \multicolumn{4}{l}{\small\textbf Platinum}
                                                 \\\hline\\[0.5mm]
You have given more \span or & marks than there were
in the preamble to the \halign or \valign now in progress.
So I'll assume that you meant to type \cr instead.

<content/sponsors/platinum/amazon-logo.png, id=988, 1003.75pt x 526.96875pt>
File: content/sponsors/platinum/amazon-logo.png Graphic file (type png)
<use content/sponsors/platinum/amazon-logo.png>
Package pdftex.def Info: content/sponsors/platinum/amazon-logo.png  used on inp
ut line 14.
(pdftex.def)             Requested size: 72.26999pt x 37.93689pt.
<content/sponsors/platinum/deepmind-logo.png, id=989, 1066.98625pt x 401.5pt>
File: content/sponsors/platinum/deepmind-logo.png Graphic file (type png)
<use content/sponsors/platinum/deepmind-logo.png>
Package pdftex.def Info: content/sponsors/platinum/deepmind-logo.png  used on i
nput line 15.
(pdftex.def)             Requested size: 72.26999pt x 27.1889pt.

LaTeX Warning: File `content/sponsors/platinum/ByteDance_EN.svg' not found on i
nput line 16.


./content/sponsors/sponsors.tex:16: LaTeX Error: Unknown graphics extension: .s
vg.

See the LaTeX manual or LaTeX Companion for explanation.
Type  H <return>  for immediate help.
 ...                                              
                                                  
l.16 ...ontent/sponsors/platinum/ByteDance_EN.svg}
                                                  
Try typing  <return>  to proceed.
If that doesn't work, type  X <return>  to quit.

./content/sponsors/sponsors.tex:17: Extra alignment tab has been changed to \cr
.
<recently read> \endtemplate 
                             
l.17      &
            \includegraphics[width=1in]{content/sponsors/platinum/g-research...
You have given more \span or & marks than there were
in the preamble to the \halign or \valign now in progress.
So I'll assume that you meant to type \cr instead.

<content/sponsors/platinum/g-research.png, id=990, 451.6875pt x 451.6875pt>
File: content/sponsors/platinum/g-research.png Graphic file (type png)
<use content/sponsors/platinum/g-research.png>
Package pdftex.def Info: content/sponsors/platinum/g-research.png  used on inpu
t line 17.
(pdftex.def)             Requested size: 72.26999pt x 72.26457pt.
<content/sponsors/platinum/megagon-logo-2019.png, id=991, 240.9pt x 240.9pt>
File: content/sponsors/platinum/megagon-logo-2019.png Graphic file (type png)
<use content/sponsors/platinum/megagon-logo-2019.png>
Package pdftex.def Info: content/sponsors/platinum/megagon-logo-2019.png  used 
on input line 18.
(pdftex.def)             Requested size: 72.26999pt x 72.26688pt.

Underfull \hbox (badness 10000) in paragraph at lines 12--20

 []

<content/sponsors/gold/grammarly.png, id=992, 1028.84375pt x 240.9pt>
File: content/sponsors/gold/grammarly.png Graphic file (type png)
<use content/sponsors/gold/grammarly.png>
Package pdftex.def Info: content/sponsors/gold/grammarly.png  used on input lin
e 23.
(pdftex.def)             Requested size: 72.26999pt x 16.91985pt.
<content/sponsors/gold/MSFT.jpg, id=993, 582.175pt x 124.465pt>
File: content/sponsors/gold/MSFT.jpg Graphic file (type jpg)
<use content/sponsors/gold/MSFT.jpg>
Package pdftex.def Info: content/sponsors/gold/MSFT.jpg  used on input line 24.

(pdftex.def)             Requested size: 72.26999pt x 15.44983pt.

Underfull \hbox (badness 10000) in paragraph at lines 21--26

 []


LaTeX Warning: File `content/sponsors/silver/duolingo.svg' not found on input l
ine 29.


./content/sponsors/sponsors.tex:29: LaTeX Error: Unknown graphics extension: .s
vg.

See the LaTeX manual or LaTeX Companion for explanation.
Type  H <return>  for immediate help.
 ...                                              
                                                  
l.29 ...9in]{content/sponsors/silver/duolingo.svg}
                                                  
Try typing  <return>  to proceed.
If that doesn't work, type  X <return>  to quit.

<content/sponsors/silver/Naver_Labs_Europe.jpg, id=994, 2603.7275pt x 552.0625p
t>
File: content/sponsors/silver/Naver_Labs_Europe.jpg Graphic file (type jpg)
<use content/sponsors/silver/Naver_Labs_Europe.jpg>
Package pdftex.def Info: content/sponsors/silver/Naver_Labs_Europe.jpg  used on
 input line 30.
(pdftex.def)             Requested size: 72.26999pt x 15.32286pt.
<content/sponsors/silver/Naver.jpg, id=995, 301.125pt x 301.125pt>
File: content/sponsors/silver/Naver.jpg Graphic file (type jpg)
<use content/sponsors/silver/Naver.jpg>
Package pdftex.def Info: content/sponsors/silver/Naver.jpg  used on input line 
31.
(pdftex.def)             Requested size: 72.26999pt x 72.27147pt.

Underfull \hbox (badness 10000) in paragraph at lines 27--33

 []

<content/sponsors/bronze/Adobe_Corporate_Horizontal_Lockup_Red_RGB.png, id=996,
 455.5419pt x 118.7637pt>
File: content/sponsors/bronze/Adobe_Corporate_Horizontal_Lockup_Red_RGB.png Gra
phic file (type png)
<use content/sponsors/bronze/Adobe_Corporate_Horizontal_Lockup_Red_RGB.png>
Package pdftex.def Info: content/sponsors/bronze/Adobe_Corporate_Horizontal_Loc
kup_Red_RGB.png  used on input line 36.
(pdftex.def)             Requested size: 72.26999pt x 18.8413pt.
<content/sponsors/bronze/Babelscape_colori.png, id=997, 474.573pt x 94.1919pt>
File: content/sponsors/bronze/Babelscape_colori.png Graphic file (type png)
<use content/sponsors/bronze/Babelscape_colori.png>
Package pdftex.def Info: content/sponsors/bronze/Babelscape_colori.png  used on
 input line 37.
(pdftex.def)             Requested size: 72.26999pt x 14.34375pt.
<content/sponsors/bronze/HLTCOE-Logo.png, id=998, 226.8475pt x 117.43875pt>
File: content/sponsors/bronze/HLTCOE-Logo.png Graphic file (type png)
<use content/sponsors/bronze/HLTCOE-Logo.png>
Package pdftex.def Info: content/sponsors/bronze/HLTCOE-Logo.png  used on input
 line 38.
(pdftex.def)             Requested size: 72.26999pt x 37.4145pt.
./content/sponsors/sponsors.tex:39: Extra alignment tab has been changed to \cr
.
<recently read> \endtemplate 
                             
l.39     &
            \includegraphics[width=1in]{content/sponsors/bronze/LegalForce_n...
You have given more \span or & marks than there were
in the preamble to the \halign or \valign now in progress.
So I'll assume that you meant to type \cr instead.

<content/sponsors/bronze/LegalForce_new.jpg, id=999, 173.03503pt x 190.99928pt>

File: content/sponsors/bronze/LegalForce_new.jpg Graphic file (type jpg)
<use content/sponsors/bronze/LegalForce_new.jpg>
Package pdftex.def Info: content/sponsors/bronze/LegalForce_new.jpg  used on in
put line 39.
(pdftex.def)             Requested size: 72.26999pt x 79.77324pt.

Underfull \hbox (badness 10000) in paragraph at lines 34--41

 []


Underfull \vbox (badness 10000) has occurred while \output is active []

 [45 <./content/sponsors/diamond/apple.png> <./content/sponsors/diamond/Bloombe
rg-logo-2019.png> <./content/sponsors/diamond/Facebook-AI2020.png> <./content/s
ponsors/diamond/google.png> <./content/sponsors/platinum/amazon-logo.png> <./co
ntent/sponsors/platinum/deepmind-logo.png> <./content/sponsors/platinum/g-resea
rch.png> <./content/sponsors/platinum/megagon-logo-2019.png> <./content/sponsor
s/gold/grammarly.png> <./content/sponsors/gold/MSFT.jpg> <./content/sponsors/si
lver/Naver_Labs_Europe.jpg> <./content/sponsors/silver/Naver.jpg>]
<content/sponsors/supporter/ServiceNow.png, id=1012, 253.6677pt x 72.87225pt>
File: content/sponsors/supporter/ServiceNow.png Graphic file (type png)
<use content/sponsors/supporter/ServiceNow.png>
Package pdftex.def Info: content/sponsors/supporter/ServiceNow.png  used on inp
ut line 44.
(pdftex.def)             Requested size: 65.04256pt x 18.68503pt.

Underfull \hbox (badness 10000) in paragraph at lines 42--46

 []

<content/sponsors/diversityChampion/amazon-logo.png, id=1013, 1003.75pt x 526.9
6875pt>
File: content/sponsors/diversityChampion/amazon-logo.png Graphic file (type png
)
<use content/sponsors/diversityChampion/amazon-logo.png>
Package pdftex.def Info: content/sponsors/diversityChampion/amazon-logo.png  us
ed on input line 49.
(pdftex.def)             Requested size: 50.58878pt x 26.55904pt.
<content/sponsors/diversityChampion/deepmind-logo.png, id=1014, 1066.98625pt x 
401.5pt>
File: content/sponsors/diversityChampion/deepmind-logo.png Graphic file (type p
ng)
<use content/sponsors/diversityChampion/deepmind-logo.png>
Package pdftex.def Info: content/sponsors/diversityChampion/deepmind-logo.png  
used on input line 50.
(pdftex.def)             Requested size: 65.04256pt x 24.47491pt.
<content/sponsors/diversityChampion/google.png, id=1015, 672.5125pt x 96.36pt>
File: content/sponsors/diversityChampion/google.png Graphic file (type png)
<use content/sponsors/diversityChampion/google.png>
Package pdftex.def Info: content/sponsors/diversityChampion/google.png  used on
 input line 51.
(pdftex.def)             Requested size: 65.04256pt x 9.31897pt.
<content/sponsors/diversityChampion/MSFT.png, id=1016, 415.01584pt x 88.72752pt
>
File: content/sponsors/diversityChampion/MSFT.png Graphic file (type png)
<use content/sponsors/diversityChampion/MSFT.png>
Package pdftex.def Info: content/sponsors/diversityChampion/MSFT.png  used on i
nput line 52.
(pdftex.def)             Requested size: 65.04256pt x 13.90561pt.

Underfull \hbox (badness 10000) in paragraph at lines 47--54

 []

<content/sponsors/diversityAlly/Morgan-Stanley.png, id=1017, 417.22887pt x 280.
13939pt>
File: content/sponsors/diversityAlly/Morgan-Stanley.png Graphic file (type png)

<use content/sponsors/diversityAlly/Morgan-Stanley.png>
Package pdftex.def Info: content/sponsors/diversityAlly/Morgan-Stanley.png  use
d on input line 57.
(pdftex.def)             Requested size: 57.81621pt x 38.81743pt.
<content/sponsors/diversityContributor/Adobe_Corporate_Horizontal_Lockup_Red_RG
B.png, id=1018, 455.5419pt x 118.7637pt>
File: content/sponsors/diversityContributor/Adobe_Corporate_Horizontal_Lockup_R
ed_RGB.png Graphic file (type png)
<use content/sponsors/diversityContributor/Adobe_Corporate_Horizontal_Lockup_Re
d_RGB.png>
Package pdftex.def Info: content/sponsors/diversityContributor/Adobe_Corporate_
Horizontal_Lockup_Red_RGB.png  used on input line 62.
(pdftex.def)             Requested size: 50.58878pt x 13.18727pt.
<content/sponsors/diversityContributor/IBM_logoR_blue60_RGB.jpg, id=1019, 714.7
503pt x 475.7775pt>
File: content/sponsors/diversityContributor/IBM_logoR_blue60_RGB.jpg Graphic fi
le (type jpg)
<use content/sponsors/diversityContributor/IBM_logoR_blue60_RGB.jpg>
Package pdftex.def Info: content/sponsors/diversityContributor/IBM_logoR_blue60
_RGB.jpg  used on input line 63.
(pdftex.def)             Requested size: 65.04256pt x 43.29001pt.
)
Underfull \hbox (badness 10000) in paragraph at lines 60--209

 []

[46 <./content/sponsors/bronze/Adobe_Corporate_Horizontal_Lockup_Red_RGB.png> <
./content/sponsors/bronze/Babelscape_colori.png> <./content/sponsors/bronze/HLT
COE-Logo.png> <./content/sponsors/bronze/LegalForce_new.jpg> <./content/sponsor
s/supporter/ServiceNow.png> <./content/sponsors/diversityChampion/amazon-logo.p
ng> <./content/sponsors/diversityChampion/deepmind-logo.png> <./content/sponsor
s/diversityChampion/google.png> <./content/sponsors/diversityChampion/MSFT.png 
(PNG copy)> <./content/sponsors/diversityAlly/Morgan-Stanley.png (PNG copy)> <.
/content/sponsors/diversityContributor/Adobe_Corporate_Horizontal_Lockup_Red_RG
B.png> <./content/sponsors/diversityContributor/IBM_logoR_blue60_RGB.jpg>]
(./handbook.aux)

LaTeX Warning: There were undefined references.

Package rerunfilecheck Info: File `handbook.out' has not changed.
(rerunfilecheck)             Checksum: DB1591B9C0CF5E45291FA29776990434;6820.

Package biblatex Warning: Please (re)run Biber on the file:
(biblatex)                handbook
(biblatex)                and rerun LaTeX afterwards.

Package logreq Info: Writing requests to 'handbook.run.xml'.
\openout1 = `handbook.run.xml'.

 ) 
Here is how much of TeX's memory you used:
 26780 strings out of 478994
 470206 string characters out of 5858184
 1235228 words of memory out of 5000000
 43635 multiletter control sequences out of 15000+600000
 436083 words of font info for 57 fonts, out of 8000000 for 9000
 1141 hyphenation exceptions out of 8191
 83i,17n,88p,1251b,1694s stack positions out of 5000i,500n,10000p,200000b,80000s
{/usr/local/texlive/2021/texmf-dist/fonts/enc/dvips/base/8r.enc}</usr/local/t
exlive/2021/texmf-dist/fonts/type1/public/amsfonts/cm/cmsy8.pfb></usr/local/tex
live/2021/texmf-dist/fonts/type1/urw/helvetic/uhvb8a.pfb></usr/local/texlive/20
21/texmf-dist/fonts/type1/urw/times/utmb8a.pfb></usr/local/texlive/2021/texmf-d
ist/fonts/type1/urw/times/utmr8a.pfb></usr/local/texlive/2021/texmf-dist/fonts/
type1/urw/times/utmri8a.pfb></usr/local/texlive/2021/texmf-dist/fonts/type1/urw
/zapfchan/uzcmi8a.pfb>
Output written on handbook.pdf (52 pages, 6135739 bytes).
PDF statistics:
 1076 PDF objects out of 1200 (max. 8388607)
 751 compressed objects within 8 object streams
 74 named destinations out of 1000 (max. 500000)
 371 words of extra memory for PDF output out of 10000 (max. 10000000)

