This is pdfTeX, Version 3.141592653-2.6-1.40.22 (TeX Live 2021) (preloaded format=pdflatex 2021.9.30)  8 OCT 2021 16:33
entering extended mode
 restricted \write18 enabled.
 file:line:error style messages enabled.
 %&-line parsing enabled.
**macros.tex
(./macros.tex
LaTeX2e <2020-10-01> patch level 4
L3 programming layer <2021-02-18>
\w=\skip47
\tsl=\skip48
\en=\skip49

./macros.tex:143: Undefined control sequence.
l.143 \DeclareNameFormat
                        {authorswithinitials}{%
? 
./macros.tex:143: Emergency stop.
l.143 \DeclareNameFormat
                        {authorswithinitials}{%
End of file on the terminal!

 
Here is how much of TeX's memory you used:
 35 strings out of 478994
 633 string characters out of 5858184
 283044 words of memory out of 5000000
 17621 multiletter control sequences out of 15000+600000
 403430 words of font info for 27 fonts, out of 8000000 for 9000
 1141 hyphenation exceptions out of 8191
 13i,0n,15p,118b,10s stack positions out of 5000i,500n,10000p,200000b,80000s
./macros.tex:143:  ==> Fatal error occurred, no output PDF file produced!
