This is XeTeX, Version 3.141592653-2.6-0.999993 (TeX Live 2021) (preloaded format=xelatex 2021.9.30)  8 OCT 2021 13:29
entering extended mode
 restricted \write18 enabled.
 file:line:error style messages enabled.
 %&-line parsing enabled.
**preface-chair.tex
(./preface-chair.tex
LaTeX2e <2020-10-01> patch level 4
L3 programming layer <2021-02-18>
./preface-chair.tex:1: Undefined control sequence.
l.1 \section
            {Message from the General Chair}\vspace{2em}
? 
./preface-chair.tex:1: Emergency stop.
l.1 \section
            {Message from the General Chair}\vspace{2em}
End of file on the terminal!

 
Here is how much of TeX's memory you used:
 15 strings out of 476919
 321 string characters out of 5821840
 292912 words of memory out of 5000000
 20119 multiletter control sequences out of 15000+600000
 403430 words of font info for 27 fonts, out of 8000000 for 9000
 1348 hyphenation exceptions out of 8191
 12i,0n,15p,101b,10s stack positions out of 5000i,500n,10000p,200000b,80000s
No pages of output.
